This is pdfTeX, Version 3.14159265-2.6-1.40.19 (TeX Live 2019/dev/Debian) (preloaded format=pdflatex 2019.4.29)  10 MAY 2019 18:36
entering extended mode
 restricted \write18 enabled.
 %&-line parsing enabled.
**Analysis.tex
(./Analysis.tex
LaTeX2e <2018-04-01> patch level 5
(/usr/share/texlive/texmf-dist/tex/latex/revtex/revtex4-1.cls
Document Class: revtex4-1 2010/07/25/20:33:00 4.1r (http://publish.aps.org/revt
ex4/ for documentation)
 Copyright (c) 2009 The American Physical Society.
 mailto:revtex@aps.org
 Licensed under the LPPL:
http://www.ctan.org/tex-archive/macros/latex/base/lppl.txt
 Arthur Ogawa <arthur_ogawa at sbcglobal dot net>
 Based on work by David Carlisle <david at dcarlisle.demon.co.uk>.
ltxutil[2010/07/25/20:33:00 4.1r utilities package (portions licensed from W. E
. Baxter web at superscript.com)]
LaTeX Info: Redefining \@centercr on input line 308.
Class revtex4-1 Info: Repairing broken LaTeX eqnarray on input line 358.
\eqncolsep=\skip41
Class revtex4-1 Info: Repairing hyperref-unfriendly LaTeX definition of \mpfoot
note on input line 433.
Class revtex4-1 Info: Repairing broken LateX \@sect on input line 755.
\intertabularlinepenalty=\count80
\@tbpen=\count81
\@arstrutbox@hline=\box26
Class revtex4-1 Info: Repairing broken LaTeX \@xbitor on input line 1786.
Class revtex4-1 Info: Making \typeout \long on input line 2046.
ltxfront[2010/07/25/20:33:00 4.1r frontmatter package (AO,DPC)]
\c@affil=\count82
\c@collab=\count83
\absbox=\box27
ltxgrid[2010/07/25/20:33:00 4.1r page grid package (portions licensed from W. E
. Baxter web at superscript.com)]
\c@linecount=\count84
\output@latex=\toks14
\box@size@1=\box28
\box@size@2=\box29
\@protection@box=\box30
\@topmark@saved=\toks15
\footins@saved=\box31
\footins@recovered=\box32
\column@recovered=\box33
\pagesofar=\box34
\footsofar=\box35
\pagegrid@col=\count85
Class revtex4-1 Info: Overriding \@vspace, \@vspacer, \@no@pgbk, \@newline, and
 \\  on input line 5578.
\c@part=\count86
\c@section=\count87
\c@subsection=\count88
\c@subsubsection=\count89
\c@paragraph=\count90
\c@subparagraph=\count91
\abovecaptionskip=\skip42
\belowcaptionskip=\skip43
\c@figure=\count92
\fbox@1=\box36
\c@table=\count93
\fbox@2=\box37
\c@video=\count94
\fbox@4=\box38
\@bibdataout=\write3
\widetext@top=\box39
\widetext@bot=\box40
Class revtex4-1 Info: Selecting society aps on input line 7542.
(/usr/share/texlive/texmf-dist/tex/latex/revtex/aps4-1.rtx
File: aps4-1 2010/07/25/20:33:00 4.1r (http://publish.aps.org/revtex4/ for docu
mentation)
Class revtex4-1 Info: RevTeX society APS selected on input line 31.
)
Class revtex4-1 Info: Selecting journal pra on input line 7544.
Class revtex4-1 Info: APS journal PRA selected on input line 7545.


Class revtex4-1 Warning: No type size specified, using default 10.

(/usr/share/texlive/texmf-dist/tex/latex/revtex/aps10pt4-1.rtx
File: aps10pt4-1 2010/07/25/20:33:00 4.1r (http://publish.aps.org/revtex4/ for 
documentation)
Class revtex4-1 Info: RevTeX pointsize 10pt selected on input line 30.
)
(/usr/share/texlive/texmf-dist/tex/latex/textcase/textcase.sty
Package: textcase 2004/10/07 v0.07 Text only upper/lower case changing (DPC)
)
(/usr/share/texlive/texmf-dist/tex/latex/url/url.sty
\Urlmuskip=\muskip10
Package: url 2013/09/16  ver 3.4  Verb mode for urls, etc.
)
(/usr/share/texlive/texmf-dist/tex/latex/natbib/natbib.sty
Package: natbib 2010/09/13 8.31b (PWD, AO)
\bibhang=\skip44
\bibsep=\skip45
LaTeX Info: Redefining \cite on input line 694.
\c@NAT@ctr=\count95
)
Class revtex4-1 Info: Repairing natbib's \BibitemShut on input line 7549.

(/usr/share/texlive/texmf-dist/tex/latex/revtex/revsymb4-1.sty
Package: revsymb4-1 2010/07/25/20:33:00 4.1r (http://publish.aps.org/revtex4/ f
or documentation)
LaTeX Info: Redefining \REV@mathfrak on input line 119.
))
(/usr/share/texlive/texmf-dist/tex/latex/geometry/geometry.sty
Package: geometry 2018/04/16 v5.8 Page Geometry

(/usr/share/texlive/texmf-dist/tex/latex/graphics/keyval.sty
Package: keyval 2014/10/28 v1.15 key=value parser (DPC)
\KV@toks@=\toks16
)
(/usr/share/texlive/texmf-dist/tex/generic/oberdiek/ifpdf.sty
Package: ifpdf 2017/03/15 v3.2 Provides the ifpdf switch
)
(/usr/share/texlive/texmf-dist/tex/generic/oberdiek/ifvtex.sty
Package: ifvtex 2016/05/16 v1.6 Detect VTeX and its facilities (HO)
Package ifvtex Info: VTeX not detected.
)
(/usr/share/texlive/texmf-dist/tex/generic/ifxetex/ifxetex.sty
Package: ifxetex 2010/09/12 v0.6 Provides ifxetex conditional
)
\Gm@cnth=\count96
\Gm@cntv=\count97
\c@Gm@tempcnt=\count98
\Gm@bindingoffset=\dimen102
\Gm@wd@mp=\dimen103
\Gm@odd@mp=\dimen104
\Gm@even@mp=\dimen105
\Gm@layoutwidth=\dimen106
\Gm@layoutheight=\dimen107
\Gm@layouthoffset=\dimen108
\Gm@layoutvoffset=\dimen109
\Gm@dimlist=\toks17
)
(/usr/share/texlive/texmf-dist/tex/latex/base/fontenc.sty
Package: fontenc 2017/04/05 v2.0i Standard LaTeX package

(/usr/share/texlive/texmf-dist/tex/latex/base/t1enc.def
File: t1enc.def 2017/04/05 v2.0i Standard LaTeX file
LaTeX Font Info:    Redeclaring font encoding T1 on input line 48.
))
(/usr/share/texlive/texmf-dist/tex/generic/babel/babel.sty
Package: babel 2018/06/05 3.22 The Babel package

(/usr/share/texlive/texmf-dist/tex/generic/babel/switch.def
File: switch.def 2018/06/05 3.22 Babel switching mechanism
)
(/usr/share/texlive/texmf-dist/tex/generic/babel-english/english.ldf
Language: english 2017/06/06 v3.3r English support from the babel system

(/usr/share/texlive/texmf-dist/tex/generic/babel/babel.def
File: babel.def 2018/06/05 3.22 Babel common definitions
\babel@savecnt=\count99
\U@D=\dimen110

(/usr/share/texlive/texmf-dist/tex/generic/babel/txtbabel.def)
\bbl@dirlevel=\count100
)
\l@british = a dialect from \language\l@english 
\l@UKenglish = a dialect from \language\l@english 
\l@canadian = a dialect from \language\l@american 
\l@australian = a dialect from \language\l@british 
\l@newzealand = a dialect from \language\l@british 
))
(/usr/share/texlive/texmf-dist/tex/latex/ms/ragged2e.sty
Package: ragged2e 2009/05/21 v2.1 ragged2e Package (MS)


LaTeX Warning: Command \@arrayparboxrestore  has changed.
               Check if current package is valid.

(/usr/share/texlive/texmf-dist/tex/latex/ms/everysel.sty
Package: everysel 2011/10/28 v1.2 EverySelectfont Package (MS)
)
(/usr/share/texlive/texmf-dist/tex/latex/footmisc/footmisc.sty
Package: footmisc 2011/06/06 v5.5b a miscellany of footnote facilities
\FN@temptoken=\toks18
\footnotemargin=\dimen111
\c@pp@next@reset=\count101
Package footmisc Info: Declaring symbol style bringhurst on input line 855.
Package footmisc Info: Declaring symbol style chicago on input line 863.
Package footmisc Info: Declaring symbol style wiley on input line 872.
Package footmisc Info: Declaring symbol style lamport-robust on input line 883.

Package footmisc Info: Declaring symbol style lamport* on input line 903.
Package footmisc Info: Declaring symbol style lamport*-robust on input line 924
.
)
\CenteringLeftskip=\skip46
\RaggedLeftLeftskip=\skip47
\RaggedRightLeftskip=\skip48
\CenteringRightskip=\skip49
\RaggedLeftRightskip=\skip50
\RaggedRightRightskip=\skip51
\CenteringParfillskip=\skip52
\RaggedLeftParfillskip=\skip53
\RaggedRightParfillskip=\skip54
\JustifyingParfillskip=\skip55
\CenteringParindent=\skip56
\RaggedLeftParindent=\skip57
\RaggedRightParindent=\skip58
\JustifyingParindent=\skip59
)
(/usr/share/texlive/texmf-dist/tex/latex/titlesec/titlesec.sty
Package: titlesec 2016/03/21 v2.10.2 Sectioning titles
\ttl@box=\box41
\beforetitleunit=\skip60
\aftertitleunit=\skip61
\ttl@plus=\dimen112
\ttl@minus=\dimen113
\ttl@toksa=\toks19
\titlewidth=\dimen114
\titlewidthlast=\dimen115
\titlewidthfirst=\dimen116
)
(/usr/share/texlive/texmf-dist/tex/latex/titlesec/ttlkeys.def
File: ttlkeys.def 2016/03/15
)
(/usr/share/texlive/texmf-dist/tex/latex/fancyhdr/fancyhdr.sty
Package: fancyhdr 2017/06/30 v3.9a Extensive control of page headers and footer
s
\f@nch@headwidth=\skip62
\f@nch@O@elh=\skip63
\f@nch@O@erh=\skip64
\f@nch@O@olh=\skip65
\f@nch@O@orh=\skip66
\f@nch@O@elf=\skip67
\f@nch@O@erf=\skip68
\f@nch@O@olf=\skip69
\f@nch@O@orf=\skip70
)
(/usr/share/texlive/texmf-dist/tex/latex/fncychap/fncychap.sty
Package: fncychap 2007/07/30 v1.34 LaTeX package (Revised chapters)
\RW=\skip71
\mylen=\skip72
\myhi=\skip73
\px=\skip74
\py=\skip75
\pyy=\skip76
\pxx=\skip77
\backskip=\skip78
)
(/usr/share/texlive/texmf-dist/tex/latex/float/float.sty
Package: float 2001/11/08 v1.3d Float enhancements (AL)
\c@float@type=\count102
\float@exts=\toks20
\float@box=\box42
\@float@everytoks=\toks21
\@floatcapt=\box43
)
(/usr/share/texlive/texmf-dist/tex/latex/graphics/graphicx.sty
Package: graphicx 2017/06/01 v1.1a Enhanced LaTeX Graphics (DPC,SPQR)

(/usr/share/texlive/texmf-dist/tex/latex/graphics/graphics.sty
Package: graphics 2017/06/25 v1.2c Standard LaTeX Graphics (DPC,SPQR)

(/usr/share/texlive/texmf-dist/tex/latex/graphics/trig.sty
Package: trig 2016/01/03 v1.10 sin cos tan (DPC)
)
(/usr/share/texlive/texmf-dist/tex/latex/graphics-cfg/graphics.cfg
File: graphics.cfg 2016/06/04 v1.11 sample graphics configuration
)
Package graphics Info: Driver file: pdftex.def on input line 99.

(/usr/share/texlive/texmf-dist/tex/latex/graphics-def/pdftex.def
File: pdftex.def 2018/01/08 v1.0l Graphics/color driver for pdftex
))
\Gin@req@height=\dimen117
\Gin@req@width=\dimen118
)
(/usr/share/texlive/texmf-dist/tex/latex/caption/caption.sty
Package: caption 2018/05/01 v3.3-147 Customizing captions (AR)

(/usr/share/texlive/texmf-dist/tex/latex/caption/caption3.sty
Package: caption3 2018/05/27 v1.8a caption3 kernel (AR)
Package caption3 Info: TeX engine: e-TeX on input line 64.
\captionmargin=\dimen119
\captionmargin@=\dimen120
\captionwidth=\dimen121
\caption@tempdima=\dimen122
\caption@indent=\dimen123
\caption@parindent=\dimen124
\caption@hangindent=\dimen125
Package caption Info: Unknown document class (or package),
(caption)             standard defaults will be used.
)

Package caption Warning: Unsupported document class (or package) detected,
(caption)                usage of the caption package is not recommended.
See the caption package documentation for explanation.

Package caption Info: \@makecaption = \long macro:#1#2->\par \vskip \abovecapti
onskip \begingroup \small \rmfamily \sbox \@tempboxa {\let \\\heading@cr \@make
@capt@title {#1}{#2}}\@ifdim {\wd \@tempboxa >\hsize }{\begingroup \samepage \f
lushing \let \footnote \@footnotemark@gobble \@make@capt@title {#1}{#2}\par \en
dgroup }{\global \@minipagefalse \hb@xt@ \hsize {\hfil \unhbox \@tempboxa \hfil
 }}\endgroup \vskip \belowcaptionskip .
\c@ContinuedFloat=\count103
Package caption Info: float package is loaded.
) (/usr/share/texlive/texmf-dist/tex/latex/adjustbox/adjustbox.sty
Package: adjustbox 2018/04/08 v1.1 Adjusting TeX boxes (trim, clip, ...)

(/usr/share/texlive/texmf-dist/tex/latex/xkeyval/xkeyval.sty
Package: xkeyval 2014/12/03 v2.7a package option processing (HA)

(/usr/share/texlive/texmf-dist/tex/generic/xkeyval/xkeyval.tex
(/usr/share/texlive/texmf-dist/tex/generic/xkeyval/xkvutils.tex
\XKV@toks=\toks22
\XKV@tempa@toks=\toks23
)
\XKV@depth=\count104
File: xkeyval.tex 2014/12/03 v2.7a key=value parser (HA)
))
(/usr/share/texlive/texmf-dist/tex/latex/adjustbox/adjcalc.sty
Package: adjcalc 2012/05/16 v1.1 Provides advanced setlength with multiple back
-ends (calc, etex, pgfmath)
)
(/usr/share/texlive/texmf-dist/tex/latex/adjustbox/trimclip.sty
Package: trimclip 2018/04/08 v1.1 Trim and clip general TeX material

(/usr/share/texlive/texmf-dist/tex/latex/collectbox/collectbox.sty
Package: collectbox 2012/05/17 v0.4b Collect macro arguments as boxes
\collectedbox=\box44
)
\tc@llx=\dimen126
\tc@lly=\dimen127
\tc@urx=\dimen128
\tc@ury=\dimen129
Package trimclip Info: Using driver 'tc-pdftex.def'.

(/usr/share/texlive/texmf-dist/tex/latex/adjustbox/tc-pdftex.def
File: tc-pdftex.def 2018/04/08 v2.1 Clipping driver for pdftex
))
\adjbox@Width=\dimen130
\adjbox@Height=\dimen131
\adjbox@Depth=\dimen132
\adjbox@Totalheight=\dimen133
\adjbox@pwidth=\dimen134
\adjbox@pheight=\dimen135
\adjbox@pdepth=\dimen136
\adjbox@ptotalheight=\dimen137

(/usr/share/texlive/texmf-dist/tex/latex/ifoddpage/ifoddpage.sty
Package: ifoddpage 2016/04/23 v1.1 Conditionals for odd/even page detection
\c@checkoddpage=\count105
)
(/usr/share/texlive/texmf-dist/tex/latex/varwidth/varwidth.sty
Package: varwidth 2009/03/30 ver 0.92;  Variable-width minipages
\@vwid@box=\box45
\sift@deathcycles=\count106
\@vwid@loff=\dimen138
\@vwid@roff=\dimen139
))
(/usr/share/texlive/texmf-dist/tex/latex/xcolor/xcolor.sty
Package: xcolor 2016/05/11 v2.12 LaTeX color extensions (UK)

(/usr/share/texlive/texmf-dist/tex/latex/graphics-cfg/color.cfg
File: color.cfg 2016/01/02 v1.6 sample color configuration
)
Package xcolor Info: Driver file: pdftex.def on input line 225.
Package xcolor Info: Model `cmy' substituted by `cmy0' on input line 1348.
Package xcolor Info: Model `hsb' substituted by `rgb' on input line 1352.
Package xcolor Info: Model `RGB' extended on input line 1364.
Package xcolor Info: Model `HTML' substituted by `rgb' on input line 1366.
Package xcolor Info: Model `Hsb' substituted by `hsb' on input line 1367.
Package xcolor Info: Model `tHsb' substituted by `hsb' on input line 1368.
Package xcolor Info: Model `HSB' substituted by `hsb' on input line 1369.
Package xcolor Info: Model `Gray' substituted by `gray' on input line 1370.
Package xcolor Info: Model `wave' substituted by `hsb' on input line 1371.
)
(/usr/share/texlive/texmf-dist/tex/latex/tools/enumerate.sty
Package: enumerate 2015/07/23 v3.00 enumerate extensions (DPC)
\@enLab=\toks24
)
(/usr/share/texlive/texmf-dist/tex/latex/amsmath/amsmath.sty
Package: amsmath 2017/09/02 v2.17a AMS math features
\@mathmargin=\skip79

For additional information on amsmath, use the `?' option.
(/usr/share/texlive/texmf-dist/tex/latex/amsmath/amstext.sty
Package: amstext 2000/06/29 v2.01 AMS text

(/usr/share/texlive/texmf-dist/tex/latex/amsmath/amsgen.sty
File: amsgen.sty 1999/11/30 v2.0 generic functions
\@emptytoks=\toks25
\ex@=\dimen140
)
LaTeX Info: Redefining \text on input line 28.
)
(/usr/share/texlive/texmf-dist/tex/latex/amsmath/amsbsy.sty
Package: amsbsy 1999/11/29 v1.2d Bold Symbols
\pmbraise@=\dimen141
)
(/usr/share/texlive/texmf-dist/tex/latex/amsmath/amsopn.sty
Package: amsopn 2016/03/08 v2.02 operator names
)
\inf@bad=\count107
LaTeX Info: Redefining \frac on input line 213.
\uproot@=\count108
\leftroot@=\count109
LaTeX Info: Redefining \overline on input line 375.
\classnum@=\count110
\DOTSCASE@=\count111
LaTeX Info: Redefining \ldots on input line 472.
LaTeX Info: Redefining \dots on input line 475.
LaTeX Info: Redefining \cdots on input line 596.
\Mathstrutbox@=\box46
\strutbox@=\box47
\big@size=\dimen142
LaTeX Font Info:    Redeclaring font encoding OML on input line 712.
LaTeX Font Info:    Redeclaring font encoding OMS on input line 713.
\macc@depth=\count112
\c@MaxMatrixCols=\count113
\dotsspace@=\muskip11
\c@parentequation=\count114
\dspbrk@lvl=\count115
\tag@help=\toks26
\row@=\count116
\column@=\count117
\maxfields@=\count118
\andhelp@=\toks27
\eqnshift@=\dimen143
\alignsep@=\dimen144
\tagshift@=\dimen145
\tagwidth@=\dimen146
\totwidth@=\dimen147
\lineht@=\dimen148
\@envbody=\toks28
\multlinegap=\skip80
\multlinetaggap=\skip81
\mathdisplay@stack=\toks29
LaTeX Info: Redefining \[ on input line 2817.
LaTeX Info: Redefining \] on input line 2818.
)
(/usr/share/texlive/texmf-dist/tex/latex/amsfonts/amssymb.sty
Package: amssymb 2013/01/14 v3.01 AMS font symbols

(/usr/share/texlive/texmf-dist/tex/latex/amsfonts/amsfonts.sty
Package: amsfonts 2013/01/14 v3.01 Basic AMSFonts support
\symAMSa=\mathgroup4
\symAMSb=\mathgroup5
LaTeX Font Info:    Overwriting math alphabet `\mathfrak' in version `bold'
(Font)                  U/euf/m/n --> U/euf/b/n on input line 106.
LaTeX Info: Redefining \frak on input line 111.
LaTeX Info: Redefining \Bbb on input line 113.
))
(/usr/share/texlive/texmf-dist/tex/latex/base/textcomp.sty
Package: textcomp 2017/04/05 v2.0i Standard LaTeX package
Package textcomp Info: Sub-encoding information:
(textcomp)               5 = only ISO-Adobe without \textcurrency
(textcomp)               4 = 5 + \texteuro
(textcomp)               3 = 4 + \textohm
(textcomp)               2 = 3 + \textestimated + \textcurrency
(textcomp)               1 = TS1 - \textcircled - \t
(textcomp)               0 = TS1 (full)
(textcomp)             Font families with sub-encoding setting implement
(textcomp)             only a restricted character set as indicated.
(textcomp)             Family '?' is the default used for unknown fonts.
(textcomp)             See the documentation for details.
Package textcomp Info: Setting ? sub-encoding to TS1/1 on input line 79.

(/usr/share/texlive/texmf-dist/tex/latex/base/ts1enc.def
File: ts1enc.def 2001/06/05 v3.0e (jk/car/fm) Standard LaTeX file
Now handling font encoding TS1 ...
... processing UTF-8 mapping file for font encoding TS1

(/usr/share/texlive/texmf-dist/tex/latex/base/ts1enc.dfu
File: ts1enc.dfu 2018/04/05 v1.2c UTF-8 support for inputenc
   defining Unicode char U+00A2 (decimal 162)
   defining Unicode char U+00A3 (decimal 163)
   defining Unicode char U+00A4 (decimal 164)
   defining Unicode char U+00A5 (decimal 165)
   defining Unicode char U+00A6 (decimal 166)
   defining Unicode char U+00A7 (decimal 167)
   defining Unicode char U+00A8 (decimal 168)
   defining Unicode char U+00A9 (decimal 169)
   defining Unicode char U+00AA (decimal 170)
   defining Unicode char U+00AC (decimal 172)
   defining Unicode char U+00AE (decimal 174)
   defining Unicode char U+00AF (decimal 175)
   defining Unicode char U+00B0 (decimal 176)
   defining Unicode char U+00B1 (decimal 177)
   defining Unicode char U+00B2 (decimal 178)
   defining Unicode char U+00B3 (decimal 179)
   defining Unicode char U+00B4 (decimal 180)
   defining Unicode char U+00B5 (decimal 181)
   defining Unicode char U+00B6 (decimal 182)
   defining Unicode char U+00B7 (decimal 183)
   defining Unicode char U+00B9 (decimal 185)
   defining Unicode char U+00BA (decimal 186)
   defining Unicode char U+00BC (decimal 188)
   defining Unicode char U+00BD (decimal 189)
   defining Unicode char U+00BE (decimal 190)
   defining Unicode char U+00D7 (decimal 215)
   defining Unicode char U+00F7 (decimal 247)
   defining Unicode char U+0192 (decimal 402)
   defining Unicode char U+02C7 (decimal 711)
   defining Unicode char U+02D8 (decimal 728)
   defining Unicode char U+02DD (decimal 733)
   defining Unicode char U+0E3F (decimal 3647)
   defining Unicode char U+2016 (decimal 8214)
   defining Unicode char U+2020 (decimal 8224)
   defining Unicode char U+2021 (decimal 8225)
   defining Unicode char U+2022 (decimal 8226)
   defining Unicode char U+2030 (decimal 8240)
   defining Unicode char U+2031 (decimal 8241)
   defining Unicode char U+203B (decimal 8251)
   defining Unicode char U+203D (decimal 8253)
   defining Unicode char U+2044 (decimal 8260)
   defining Unicode char U+204E (decimal 8270)
   defining Unicode char U+2052 (decimal 8274)
   defining Unicode char U+20A1 (decimal 8353)
   defining Unicode char U+20A4 (decimal 8356)
   defining Unicode char U+20A6 (decimal 8358)
   defining Unicode char U+20A9 (decimal 8361)
   defining Unicode char U+20AB (decimal 8363)
   defining Unicode char U+20AC (decimal 8364)
   defining Unicode char U+20B1 (decimal 8369)
   defining Unicode char U+2103 (decimal 8451)
   defining Unicode char U+2116 (decimal 8470)
   defining Unicode char U+2117 (decimal 8471)
   defining Unicode char U+211E (decimal 8478)
   defining Unicode char U+2120 (decimal 8480)
   defining Unicode char U+2122 (decimal 8482)
   defining Unicode char U+2126 (decimal 8486)
   defining Unicode char U+2127 (decimal 8487)
   defining Unicode char U+212E (decimal 8494)
   defining Unicode char U+2190 (decimal 8592)
   defining Unicode char U+2191 (decimal 8593)
   defining Unicode char U+2192 (decimal 8594)
   defining Unicode char U+2193 (decimal 8595)
   defining Unicode char U+2329 (decimal 9001)
   defining Unicode char U+232A (decimal 9002)
   defining Unicode char U+2422 (decimal 9250)
   defining Unicode char U+25E6 (decimal 9702)
   defining Unicode char U+25EF (decimal 9711)
   defining Unicode char U+266A (decimal 9834)
   defining Unicode char U+FEFF (decimal 65279)
))
LaTeX Info: Redefining \oldstylenums on input line 334.
Package textcomp Info: Setting cmr sub-encoding to TS1/0 on input line 349.
Package textcomp Info: Setting cmss sub-encoding to TS1/0 on input line 350.
Package textcomp Info: Setting cmtt sub-encoding to TS1/0 on input line 351.
Package textcomp Info: Setting cmvtt sub-encoding to TS1/0 on input line 352.
Package textcomp Info: Setting cmbr sub-encoding to TS1/0 on input line 353.
Package textcomp Info: Setting cmtl sub-encoding to TS1/0 on input line 354.
Package textcomp Info: Setting ccr sub-encoding to TS1/0 on input line 355.
Package textcomp Info: Setting ptm sub-encoding to TS1/4 on input line 356.
Package textcomp Info: Setting pcr sub-encoding to TS1/4 on input line 357.
Package textcomp Info: Setting phv sub-encoding to TS1/4 on input line 358.
Package textcomp Info: Setting ppl sub-encoding to TS1/3 on input line 359.
Package textcomp Info: Setting pag sub-encoding to TS1/4 on input line 360.
Package textcomp Info: Setting pbk sub-encoding to TS1/4 on input line 361.
Package textcomp Info: Setting pnc sub-encoding to TS1/4 on input line 362.
Package textcomp Info: Setting pzc sub-encoding to TS1/4 on input line 363.
Package textcomp Info: Setting bch sub-encoding to TS1/4 on input line 364.
Package textcomp Info: Setting put sub-encoding to TS1/5 on input line 365.
Package textcomp Info: Setting uag sub-encoding to TS1/5 on input line 366.
Package textcomp Info: Setting ugq sub-encoding to TS1/5 on input line 367.
Package textcomp Info: Setting ul8 sub-encoding to TS1/4 on input line 368.
Package textcomp Info: Setting ul9 sub-encoding to TS1/4 on input line 369.
Package textcomp Info: Setting augie sub-encoding to TS1/5 on input line 370.
Package textcomp Info: Setting dayrom sub-encoding to TS1/3 on input line 371.
Package textcomp Info: Setting dayroms sub-encoding to TS1/3 on input line 372.

Package textcomp Info: Setting pxr sub-encoding to TS1/0 on input line 373.
Package textcomp Info: Setting pxss sub-encoding to TS1/0 on input line 374.
Package textcomp Info: Setting pxtt sub-encoding to TS1/0 on input line 375.
Package textcomp Info: Setting txr sub-encoding to TS1/0 on input line 376.
Package textcomp Info: Setting txss sub-encoding to TS1/0 on input line 377.
Package textcomp Info: Setting txtt sub-encoding to TS1/0 on input line 378.
Package textcomp Info: Setting lmr sub-encoding to TS1/0 on input line 379.
Package textcomp Info: Setting lmdh sub-encoding to TS1/0 on input line 380.
Package textcomp Info: Setting lmss sub-encoding to TS1/0 on input line 381.
Package textcomp Info: Setting lmssq sub-encoding to TS1/0 on input line 382.
Package textcomp Info: Setting lmvtt sub-encoding to TS1/0 on input line 383.
Package textcomp Info: Setting lmtt sub-encoding to TS1/0 on input line 384.
Package textcomp Info: Setting qhv sub-encoding to TS1/0 on input line 385.
Package textcomp Info: Setting qag sub-encoding to TS1/0 on input line 386.
Package textcomp Info: Setting qbk sub-encoding to TS1/0 on input line 387.
Package textcomp Info: Setting qcr sub-encoding to TS1/0 on input line 388.
Package textcomp Info: Setting qcs sub-encoding to TS1/0 on input line 389.
Package textcomp Info: Setting qpl sub-encoding to TS1/0 on input line 390.
Package textcomp Info: Setting qtm sub-encoding to TS1/0 on input line 391.
Package textcomp Info: Setting qzc sub-encoding to TS1/0 on input line 392.
Package textcomp Info: Setting qhvc sub-encoding to TS1/0 on input line 393.
Package textcomp Info: Setting futs sub-encoding to TS1/4 on input line 394.
Package textcomp Info: Setting futx sub-encoding to TS1/4 on input line 395.
Package textcomp Info: Setting futj sub-encoding to TS1/4 on input line 396.
Package textcomp Info: Setting hlh sub-encoding to TS1/3 on input line 397.
Package textcomp Info: Setting hls sub-encoding to TS1/3 on input line 398.
Package textcomp Info: Setting hlst sub-encoding to TS1/3 on input line 399.
Package textcomp Info: Setting hlct sub-encoding to TS1/5 on input line 400.
Package textcomp Info: Setting hlx sub-encoding to TS1/5 on input line 401.
Package textcomp Info: Setting hlce sub-encoding to TS1/5 on input line 402.
Package textcomp Info: Setting hlcn sub-encoding to TS1/5 on input line 403.
Package textcomp Info: Setting hlcw sub-encoding to TS1/5 on input line 404.
Package textcomp Info: Setting hlcf sub-encoding to TS1/5 on input line 405.
Package textcomp Info: Setting pplx sub-encoding to TS1/3 on input line 406.
Package textcomp Info: Setting pplj sub-encoding to TS1/3 on input line 407.
Package textcomp Info: Setting ptmx sub-encoding to TS1/4 on input line 408.
Package textcomp Info: Setting ptmj sub-encoding to TS1/4 on input line 409.
)
(/usr/share/texlive/texmf-dist/tex/latex/upquote/upquote.sty
Package: upquote 2012/04/19 v1.3 upright-quote and grave-accent glyphs in verba
tim
)
(/usr/share/texlive/texmf-dist/tex/latex/eurosym/eurosym.sty
Package: eurosym 1998/08/06 v1.1 European currency symbol ``Euro''
\@eurobox=\box48
)
(/usr/share/texlive/texmf-dist/tex/latex/ucs/ucs.sty
Package: ucs 2013/05/11 v2.2 UCS: Unicode input support

(/usr/share/texlive/texmf-dist/tex/latex/ucs/data/uni-global.def
File: uni-global.def 2013/05/13 UCS: Unicode global data
)
\uc@secondtry=\count119
\uc@combtoks=\toks30
\uc@combtoksb=\toks31
\uc@temptokena=\toks32
)
(/usr/share/texlive/texmf-dist/tex/latex/base/inputenc.sty
Package: inputenc 2018/04/06 v1.3b Input encoding file
\inpenc@prehook=\toks33
\inpenc@posthook=\toks34

(/usr/share/texlive/texmf-dist/tex/latex/ucs/utf8x.def
File: utf8x.def 2004/10/17 UCS: Input encoding UTF-8
))
(/usr/share/texlive/texmf-dist/tex/latex/fancyvrb/fancyvrb.sty
Package: fancyvrb 2008/02/07

Style option: `fancyvrb' v2.7a, with DG/SPQR fixes, and firstline=lastline fix 
<2008/02/07> (tvz)
\FV@CodeLineNo=\count120
\FV@InFile=\read1
\FV@TabBox=\box49
\c@FancyVerbLine=\count121
\FV@StepNumber=\count122
\FV@OutFile=\write4
)
(/usr/share/texlive/texmf-dist/tex/latex/oberdiek/grffile.sty
Package: grffile 2017/06/30 v1.18 Extended file name support for graphics (HO)

(/usr/share/texlive/texmf-dist/tex/latex/oberdiek/kvoptions.sty
Package: kvoptions 2016/05/16 v3.12 Key value format for package options (HO)

(/usr/share/texlive/texmf-dist/tex/generic/oberdiek/ltxcmds.sty
Package: ltxcmds 2016/05/16 v1.23 LaTeX kernel commands for general use (HO)
)
(/usr/share/texlive/texmf-dist/tex/generic/oberdiek/kvsetkeys.sty
Package: kvsetkeys 2016/05/16 v1.17 Key value parser (HO)

(/usr/share/texlive/texmf-dist/tex/generic/oberdiek/infwarerr.sty
Package: infwarerr 2016/05/16 v1.4 Providing info/warning/error messages (HO)
)
(/usr/share/texlive/texmf-dist/tex/generic/oberdiek/etexcmds.sty
Package: etexcmds 2016/05/16 v1.6 Avoid name clashes with e-TeX commands (HO)

(/usr/share/texlive/texmf-dist/tex/generic/oberdiek/ifluatex.sty
Package: ifluatex 2016/05/16 v1.4 Provides the ifluatex switch (HO)
Package ifluatex Info: LuaTeX not detected.
))))
(/usr/share/texlive/texmf-dist/tex/generic/oberdiek/pdftexcmds.sty
Package: pdftexcmds 2018/01/30 v0.27 Utility functions of pdfTeX for LuaTeX (HO
)
Package pdftexcmds Info: LuaTeX not detected.
Package pdftexcmds Info: \pdf@primitive is available.
Package pdftexcmds Info: \pdf@ifprimitive is available.
Package pdftexcmds Info: \pdfdraftmode found.
)
Package grffile Info: Option `multidot' is set to `true'.
Package grffile Info: Option `extendedchars' is set to `false'.
Package grffile Info: Option `space' is set to `true'.
Package grffile Info: \Gin@ii of package `graphicx' fixed on input line 494.
)
(/usr/share/texlive/texmf-dist/tex/latex/hyperref/hyperref.sty
Package: hyperref 2018/02/06 v6.86b Hypertext links for LaTeX

(/usr/share/texlive/texmf-dist/tex/generic/oberdiek/hobsub-hyperref.sty
Package: hobsub-hyperref 2016/05/16 v1.14 Bundle oberdiek, subset hyperref (HO)


(/usr/share/texlive/texmf-dist/tex/generic/oberdiek/hobsub-generic.sty
Package: hobsub-generic 2016/05/16 v1.14 Bundle oberdiek, subset generic (HO)
Package: hobsub 2016/05/16 v1.14 Construct package bundles (HO)
Package hobsub Info: Skipping package `infwarerr' (already loaded).
Package hobsub Info: Skipping package `ltxcmds' (already loaded).
Package hobsub Info: Skipping package `ifluatex' (already loaded).
Package hobsub Info: Skipping package `ifvtex' (already loaded).
Package: intcalc 2016/05/16 v1.2 Expandable calculations with integers (HO)
Package hobsub Info: Skipping package `ifpdf' (already loaded).
Package hobsub Info: Skipping package `etexcmds' (already loaded).
Package hobsub Info: Skipping package `kvsetkeys' (already loaded).
Package: kvdefinekeys 2016/05/16 v1.4 Define keys (HO)
Package hobsub Info: Skipping package `pdftexcmds' (already loaded).
Package: pdfescape 2016/05/16 v1.14 Implements pdfTeX's escape features (HO)
Package: bigintcalc 2016/05/16 v1.4 Expandable calculations on big integers (HO
)
Package: bitset 2016/05/16 v1.2 Handle bit-vector datatype (HO)
Package: uniquecounter 2016/05/16 v1.3 Provide unlimited unique counter (HO)
)
Package hobsub Info: Skipping package `hobsub' (already loaded).
Package: letltxmacro 2016/05/16 v1.5 Let assignment for LaTeX macros (HO)
Package: hopatch 2016/05/16 v1.3 Wrapper for package hooks (HO)
Package: xcolor-patch 2016/05/16 xcolor patch
Package: atveryend 2016/05/16 v1.9 Hooks at the very end of document (HO)
Package: atbegshi 2016/06/09 v1.18 At begin shipout hook (HO)
Package: refcount 2016/05/16 v3.5 Data extraction from label references (HO)
Package: hycolor 2016/05/16 v1.8 Color options for hyperref/bookmark (HO)
)
(/usr/share/texlive/texmf-dist/tex/latex/oberdiek/auxhook.sty
Package: auxhook 2016/05/16 v1.4 Hooks for auxiliary files (HO)
)
\@linkdim=\dimen149
\Hy@linkcounter=\count123
\Hy@pagecounter=\count124

(/usr/share/texlive/texmf-dist/tex/latex/hyperref/pd1enc.def
File: pd1enc.def 2018/02/06 v6.86b Hyperref: PDFDocEncoding definition (HO)
)
\Hy@SavedSpaceFactor=\count125

(/usr/share/texlive/texmf-dist/tex/latex/latexconfig/hyperref.cfg
File: hyperref.cfg 2002/06/06 v1.2 hyperref configuration of TeXLive
)
Package hyperref Info: Hyper figures OFF on input line 4509.
Package hyperref Info: Link nesting OFF on input line 4514.
Package hyperref Info: Hyper index ON on input line 4517.
Package hyperref Info: Plain pages OFF on input line 4524.
Package hyperref Info: Backreferencing OFF on input line 4529.
Package hyperref Info: Implicit mode ON; LaTeX internals redefined.
Package hyperref Info: Bookmarks ON on input line 4762.
LaTeX Info: Redefining \href on input line 5026.
\c@Hy@tempcnt=\count126
LaTeX Info: Redefining \url on input line 5115.
\XeTeXLinkMargin=\dimen150
\Fld@menulength=\count127
\Field@Width=\dimen151
\Fld@charsize=\dimen152
Package hyperref Info: Hyper figures OFF on input line 6369.
Package hyperref Info: Link nesting OFF on input line 6374.
Package hyperref Info: Hyper index ON on input line 6377.
Package hyperref Info: backreferencing OFF on input line 6384.
Package hyperref Info: Link coloring OFF on input line 6389.
Package hyperref Info: Link coloring with OCG OFF on input line 6394.
Package hyperref Info: PDF/A mode OFF on input line 6399.
LaTeX Info: Redefining \ref on input line 6439.
LaTeX Info: Redefining \pageref on input line 6443.
\Hy@abspage=\count128
\c@Item=\count129
\c@Hfootnote=\count130
)
Package hyperref Info: Driver (autodetected): hpdftex.

(/usr/share/texlive/texmf-dist/tex/latex/hyperref/hpdftex.def
File: hpdftex.def 2018/02/06 v6.86b Hyperref driver for pdfTeX
\Fld@listcount=\count131
\c@bookmark@seq@number=\count132

(/usr/share/texlive/texmf-dist/tex/latex/oberdiek/rerunfilecheck.sty
Package: rerunfilecheck 2016/05/16 v1.8 Rerun checks for auxiliary files (HO)
Package uniquecounter Info: New unique counter `rerunfilecheck' on input line 2
82.
)
\Hy@SectionHShift=\skip82
)
(/usr/share/texlive/texmf-dist/tex/latex/booktabs/booktabs.sty
Package: booktabs 2016/04/27 v1.618033 publication quality tables
\heavyrulewidth=\dimen153
\lightrulewidth=\dimen154
\cmidrulewidth=\dimen155
\belowrulesep=\dimen156
\belowbottomsep=\dimen157
\aboverulesep=\dimen158
\abovetopsep=\dimen159
\cmidrulesep=\dimen160
\cmidrulekern=\dimen161
\defaultaddspace=\dimen162
\@cmidla=\count133
\@cmidlb=\count134
\@aboverulesep=\dimen163
\@belowrulesep=\dimen164
\@thisruleclass=\count135
\@lastruleclass=\count136
\@thisrulewidth=\dimen165
)
(/usr/share/texlive/texmf-dist/tex/latex/enumitem/enumitem.sty
Package: enumitem 2011/09/28 v3.5.2 Customized lists
\labelindent=\skip83
\enit@outerparindent=\dimen166
\enit@toks=\toks35
\enit@inbox=\box50
\enitdp@description=\count137
)
(/usr/share/texlive/texmf-dist/tex/generic/ulem/ulem.sty
\UL@box=\box51
\UL@hyphenbox=\box52
\UL@skip=\skip84
\UL@hook=\toks36
\UL@height=\dimen167
\UL@pe=\count138
\UL@pixel=\dimen168
\ULC@box=\box53
Package: ulem 2012/05/18
\ULdepth=\dimen169
)
(/usr/share/texlive/texmf-dist/tex/latex/braket/braket.sty)
(/usr/share/texlive/texmf-dist/tex/latex/mathtools/mathtools.sty
Package: mathtools 2018/01/08 v1.21 mathematical typesetting tools

(/usr/share/texlive/texmf-dist/tex/latex/tools/calc.sty
Package: calc 2017/05/25 v4.3 Infix arithmetic (KKT,FJ)
\calc@Acount=\count139
\calc@Bcount=\count140
\calc@Adimen=\dimen170
\calc@Bdimen=\dimen171
\calc@Askip=\skip85
\calc@Bskip=\skip86
LaTeX Info: Redefining \setlength on input line 80.
LaTeX Info: Redefining \addtolength on input line 81.
\calc@Ccount=\count141
\calc@Cskip=\skip87
)
(/usr/share/texlive/texmf-dist/tex/latex/mathtools/mhsetup.sty
Package: mhsetup 2017/03/31 v1.3 programming setup (MH)
)
LaTeX Info: Thecontrolsequence`\('isalreadyrobust on input line 129.
LaTeX Info: Thecontrolsequence`\)'isalreadyrobust on input line 129.
LaTeX Info: Thecontrolsequence`\['isalreadyrobust on input line 129.
LaTeX Info: Thecontrolsequence`\]'isalreadyrobust on input line 129.
\g_MT_multlinerow_int=\count142
\l_MT_multwidth_dim=\dimen172
\origjot=\skip88
\l_MT_shortvdotswithinadjustabove_dim=\dimen173
\l_MT_shortvdotswithinadjustbelow_dim=\dimen174
\l_MT_above_intertext_sep=\dimen175
\l_MT_below_intertext_sep=\dimen176
\l_MT_above_shortintertext_sep=\dimen177
\l_MT_below_shortintertext_sep=\dimen178
)
(/usr/share/texlive/texmf-dist/tex/latex/amscls/amsthm.sty
Package: amsthm 2017/10/31 v2.20.4
\thm@style=\toks37
\thm@bodyfont=\toks38
\thm@headfont=\toks39
\thm@notefont=\toks40
\thm@headpunct=\toks41
\thm@preskip=\skip89
\thm@postskip=\skip90
\thm@headsep=\skip91
\dth@everypar=\toks42
)
(/usr/share/texlive/texmf-dist/tex/latex/listings/listings.sty
\lst@mode=\count143
\lst@gtempboxa=\box54
\lst@token=\toks43
\lst@length=\count144
\lst@currlwidth=\dimen179
\lst@column=\count145
\lst@pos=\count146
\lst@lostspace=\dimen180
\lst@width=\dimen181
\lst@newlines=\count147
\lst@lineno=\count148
\lst@maxwidth=\dimen182

(/usr/share/texlive/texmf-dist/tex/latex/listings/lstmisc.sty
File: lstmisc.sty 2015/06/04 1.6 (Carsten Heinz)
\c@lstnumber=\count149
\lst@skipnumbers=\count150
\lst@framebox=\box55
)
(/usr/share/texlive/texmf-dist/tex/latex/listings/listings.cfg
File: listings.cfg 2015/06/04 1.6 listings configuration
))
Package: listings 2015/06/04 1.6 (Carsten Heinz)

(/usr/share/texlive/texmf-dist/tex/latex/tasks/tasks.sty
(/usr/share/texlive/texmf-dist/tex/latex/l3kernel/expl3.sty
Package: expl3 2018-06-14 L3 programming layer (loader) 

(/usr/share/texlive/texmf-dist/tex/latex/l3kernel/expl3-code.tex
Package: expl3 2018-06-14 L3 programming layer (code)
\c_max_int=\count151
\l_tmpa_int=\count152
\l_tmpb_int=\count153
\g_tmpa_int=\count154
\g_tmpb_int=\count155
\g__kernel_prg_map_int=\count156
\c_log_iow=\count157
\l_iow_line_count_int=\count158
\l__iow_line_target_int=\count159
\l__iow_one_indent_int=\count160
\l__iow_indent_int=\count161
\c_zero_dim=\dimen183
\c_max_dim=\dimen184
\l_tmpa_dim=\dimen185
\l_tmpb_dim=\dimen186
\g_tmpa_dim=\dimen187
\g_tmpb_dim=\dimen188
\c_zero_skip=\skip92
\c_max_skip=\skip93
\l_tmpa_skip=\skip94
\l_tmpb_skip=\skip95
\g_tmpa_skip=\skip96
\g_tmpb_skip=\skip97
\c_zero_muskip=\muskip12
\c_max_muskip=\muskip13
\l_tmpa_muskip=\muskip14
\l_tmpb_muskip=\muskip15
\g_tmpa_muskip=\muskip16
\g_tmpb_muskip=\muskip17
\l_keys_choice_int=\count162
\l__intarray_loop_int=\count163
\c__intarray_sp_dim=\dimen189
\g__intarray_font_int=\count164
\c__fp_leading_shift_int=\count165
\c__fp_middle_shift_int=\count166
\c__fp_trailing_shift_int=\count167
\c__fp_big_leading_shift_int=\count168
\c__fp_big_middle_shift_int=\count169
\c__fp_big_trailing_shift_int=\count170
\c__fp_Bigg_leading_shift_int=\count171
\c__fp_Bigg_middle_shift_int=\count172
\c__fp_Bigg_trailing_shift_int=\count173
\c__kernel_randint_max_int=\count174
\g__fp_array_int=\count175
\l__fp_array_loop_int=\count176
\l__sort_length_int=\count177
\l__sort_min_int=\count178
\l__sort_top_int=\count179
\l__sort_max_int=\count180
\l__sort_true_max_int=\count181
\l__sort_block_int=\count182
\l__sort_begin_int=\count183
\l__sort_end_int=\count184
\l__sort_A_int=\count185
\l__sort_B_int=\count186
\l__sort_C_int=\count187
\l__tl_analysis_normal_int=\count188
\l__tl_analysis_index_int=\count189
\l__tl_analysis_nesting_int=\count190
\l__tl_analysis_type_int=\count191
\l__regex_internal_a_int=\count192
\l__regex_internal_b_int=\count193
\l__regex_internal_c_int=\count194
\l__regex_balance_int=\count195
\l__regex_group_level_int=\count196
\l__regex_mode_int=\count197
\c__regex_cs_in_class_mode_int=\count198
\c__regex_cs_mode_int=\count199
\l__regex_catcodes_int=\count266
\l__regex_default_catcodes_int=\count267
\c__regex_catcode_D_int=\count268
\c__regex_catcode_S_int=\count269
\c__regex_catcode_L_int=\count270
\c__regex_catcode_O_int=\count271
\c__regex_catcode_A_int=\count272
\c__regex_all_catcodes_int=\count273
\l__regex_show_lines_int=\count274
\l__regex_min_state_int=\count275
\l__regex_max_state_int=\count276
\l__regex_left_state_int=\count277
\l__regex_right_state_int=\count278
\l__regex_capturing_group_int=\count279
\l__regex_min_pos_int=\count280
\l__regex_max_pos_int=\count281
\l__regex_curr_pos_int=\count282
\l__regex_start_pos_int=\count283
\l__regex_success_pos_int=\count284
\l__regex_curr_char_int=\count285
\l__regex_curr_catcode_int=\count286
\l__regex_last_char_int=\count287
\l__regex_case_changed_char_int=\count288
\l__regex_curr_state_int=\count289
\l__regex_step_int=\count290
\l__regex_min_active_int=\count291
\l__regex_max_active_int=\count292
\l__regex_replacement_csnames_int=\count293
\l__regex_match_count_int=\count294
\l__regex_min_submatch_int=\count295
\l__regex_submatch_int=\count296
\l__regex_zeroth_submatch_int=\count297
\g__regex_trace_regex_int=\count298
\c_empty_box=\box56
\l_tmpa_box=\box57
\l_tmpb_box=\box58
\g_tmpa_box=\box59
\g_tmpb_box=\box60
\l__box_top_dim=\dimen190
\l__box_bottom_dim=\dimen191
\l__box_left_dim=\dimen192
\l__box_right_dim=\dimen193
\l__box_top_new_dim=\dimen194
\l__box_bottom_new_dim=\dimen195
\l__box_left_new_dim=\dimen196
\l__box_right_new_dim=\dimen197
\l__box_internal_box=\box61
\l__coffin_internal_box=\box62
\l__coffin_internal_dim=\dimen198
\l__coffin_offset_x_dim=\dimen199
\l__coffin_offset_y_dim=\dimen256
\l__coffin_x_dim=\dimen257
\l__coffin_y_dim=\dimen258
\l__coffin_x_prime_dim=\dimen259
\l__coffin_y_prime_dim=\dimen260
\c_empty_coffin=\box63
\l__coffin_aligned_coffin=\box64
\l__coffin_aligned_internal_coffin=\box65
\l_tmpa_coffin=\box66
\l_tmpb_coffin=\box67
\l__coffin_display_coffin=\box68
\l__coffin_display_coord_coffin=\box69
\l__coffin_display_pole_coffin=\box70
\l__coffin_display_offset_dim=\dimen261
\l__coffin_display_x_dim=\dimen262
\l__coffin_display_y_dim=\dimen263
\g__file_internal_ior=\read2
\l__coffin_bounding_shift_dim=\dimen264
\l__coffin_left_corner_dim=\dimen265
\l__coffin_right_corner_dim=\dimen266
\l__coffin_bottom_corner_dim=\dimen267
\l__coffin_top_corner_dim=\dimen268
\l__coffin_scaled_total_height_dim=\dimen269
\l__coffin_scaled_width_dim=\dimen270
\l__seq_internal_a_int=\count299
\l__seq_internal_b_int=\count300
)
(/usr/share/texlive/texmf-dist/tex/latex/l3kernel/l3pdfmode.def
File: l3pdfmode.def 2018-06-14 v L3 Experimental driver: PDF mode
\l__driver_color_stack_int=\count301
))
(/usr/share/texlive/texmf-dist/tex/latex/l3packages/xparse/xparse.sty
Package: xparse 2018-05-12 L3 Experimental document command parser
\l__xparse_current_arg_int=\count302
\g__xparse_grabber_int=\count303
\l__xparse_m_args_int=\count304
\l__xparse_mandatory_args_int=\count305
\l__xparse_v_nesting_int=\count306
)
(/usr/share/texlive/texmf-dist/tex/latex/eepic/epic.sty
Enhancements to Picture Environment. Version 1.2 - Released June 1, 1986
\@@multicnt=\count307
\d@lta=\count308
\@delta=\dimen271
\@@delta=\dimen272
\@gridcnt=\count309
\@joinkind=\count310
\@dotgap=\dimen273
\@ddotgap=\dimen274
\@x@diff=\count311
\@y@diff=\count312
\x@diff=\dimen275
\y@diff=\dimen276
\@dotbox=\box71
\num@segments=\count313
\num@segmentsi=\count314
\@datafile=\read3
) (/usr/share/texlive/texmf-dist/tex/latex/cntformats/cntformats.sty
Package: cntformats 2014/07/20 v0.7 A different way to read counters. (CN)

(/usr/share/texlive/texmf-dist/tex/latex/etoolbox/etoolbox.sty
Package: etoolbox 2018/08/19 v2.5f e-TeX tools for LaTeX (JAW)
\etb@tempcnta=\count315
)
(/usr/share/texlive/texmf-dist/tex/latex/cnltx/cnltx-base.sty
Package: cnltx-base 2015/08/17 v0.13 LaTeX tools and documenting facilities (CN
)

(/usr/share/texlive/texmf-dist/tex/latex/pgfopts/pgfopts.sty
Package: pgfopts 2014/07/10 v2.1a LaTeX package options with pgfkeys

(/usr/share/texlive/texmf-dist/tex/latex/pgf/utilities/pgfkeys.sty
(/usr/share/texlive/texmf-dist/tex/generic/pgf/utilities/pgfkeys.code.tex
\pgfkeys@pathtoks=\toks44
\pgfkeys@temptoks=\toks45

(/usr/share/texlive/texmf-dist/tex/generic/pgf/utilities/pgfkeysfiltered.code.t
ex
\pgfkeys@tmptoks=\toks46
)))
\pgfopts@list@add@a@toks=\toks47
\pgfopts@list@add@b@toks=\toks48
)
\c@cnltx@tmpa=\count316
\c@cnltx@tmpb=\count317
\c@cnltx@tmpc=\count318
\cnltx@tmpa@length=\skip98
\cnltx@tmpb@length=\skip99
\cnltx@tmpc@length=\skip100
 (/usr/share/texlive/texmf-dist/tex/latex/trimspaces/trimspaces.sty
Package: trimspaces 2009/09/17 v1.1 Trim spaces around a token list
)))
(/usr/share/texlive/texmf-dist/tex/latex/l3packages/xtemplate/xtemplate.sty
Package: xtemplate 2018-05-12 L3 Experimental prototype document functions
\l__xtemplate_tmp_dim=\dimen277
\l__xtemplate_tmp_int=\count319
\l__xtemplate_tmp_muskip=\muskip18
\l__xtemplate_tmp_skip=\skip101
)
(/usr/share/texlive/texmf-dist/tex/latex/environ/environ.sty
Package: environ 2014/05/04 v0.3 A new way to define environments
)
Package: tasks 2016/08/13 v0.12 Horizontalcolumnedlists (CN)
\l__tasks_depth_int=\count320
\g__tasks_int=\count321
\g__tasks_total_items_int=\count322
\l__tasks_columns_int=\count323
\l__tasks_rows_int=\count324
\g__tasks_current_col_num_int=\count325
\g__tasks_current_row_num_int=\count326
\l__tasks_item_columns_int=\count327
\l__tasks_item_indent_dim=\dimen278
\l__tasks_item_default_indent_dim=\dimen279
\l__tasks_item_width_dim=\dimen280
\l__tasks_label_width_dim=\dimen281
\l__tasks_label_default_width_dim=\dimen282
\l__tasks_label_offset_dim=\dimen283
\l__tasks_label_default_offset_dim=\dimen284
\l__tasks_column_sep_dim=\dimen285
\l__tasks_after_item_skip=\skip102
\l__tasks_custom_after_item_skip=\skip103
\l__tasks_before_list_skip=\skip104
\l__tasks_after_list_skip=\skip105
\l__tasks_item_coffin=\box72
\l__tasks_label_coffin=\box73
\c@task=\count328
\l__tasks_tmpa_int=\count329
\l__tasks_tmpb_int=\count330
\l__tasks_tmpa_coffin=\box74
.................................................
. xtemplate info: "declare-object-type"
. 
. Declaring object type 'tasks' taking 3 argument(s) on line 379.
.................................................
\l__tasks_choice_width_dim=\dimen286
\l__tasks_choice_linewidth_dim=\dimen287
\l__tasks_choice_checkwidth_dim=\dimen288
\l__tasks_choice_raise_dim=\dimen289
.................................................
. LaTeX info: "xparse/define-command"
. 
. Defining command \startnewitemline with sig. '' on line 692.
.................................................
.................................................
. LaTeX info: "xparse/define-command"
. 
. Defining command \NewTasks with sig. 'O{}mO{\task }D(){1}' on line 701.
.................................................
.................................................
. LaTeX info: "xparse/define-command"
. 
. Defining command \RenewTasks with sig. 'O{}mO{\task }D(){1}' on line 708.
.................................................
.................................................
. LaTeX info: "xparse/define-environment"
. 
. Defining environment 'tasks' with sig. 'O{}D(){1}' on line 714.
.................................................

(/usr/share/texlive/texmf-dist/tex/latex/tasks/tasks.cfg
File: tasks.cfg 2016/08/13 v0.12 tasks instances
)
.................................................
. LaTeX info: "xparse/define-command"
. 
. Defining command \settasks with sig. 'm' on line 722.
.................................................
)
(/usr/share/texlive/texmf-dist/tex/latex/appendix/appendix.sty
Package: appendix 2009/09/02 v1.2b extra appendix facilities
\c@@pps=\count331
\c@@ppsavesec=\count332
\c@@ppsaveapp=\count333
)

Package Fancyhdr Warning: \fancyhead's `E' option without twoside option is use
less on input line 90.


Package Fancyhdr Warning: \fancyhead's `E' option without twoside option is use
less on input line 92.

Package hyperref Info: Option `breaklinks' set `true' on input line 306.
Package hyperref Info: Option `colorlinks' set `true' on input line 306.
Class revtex4-1 Info: Patching LaTeX tabular. on input line 313.

Class revtex4-1 Warning: Repair the float package.

Class revtex4-1 Info: Robustifying \LaTeX's \boldmath command on input line 313
.
Class revtex4-1 Info: cite was not loaded (OK!) on input line 313.
Class revtex4-1 Info: mcite was not loaded (OK!) on input line 313.
Class revtex4-1 Info: multicol was not loaded (OK!) on input line 313.

LaTeX Warning: Unused global option(s):
    [8pt].

(./Analysis.aux

LaTeX Warning: Label `feature-selection' multiply defined.

)
\openout1 = `Analysis.aux'.

LaTeX Font Info:    Checking defaults for OML/cmm/m/it on input line 313.
LaTeX Font Info:    ... okay on input line 313.
LaTeX Font Info:    Checking defaults for T1/cmr/m/n on input line 313.
LaTeX Font Info:    ... okay on input line 313.
LaTeX Font Info:    Checking defaults for OT1/cmr/m/n on input line 313.
LaTeX Font Info:    ... okay on input line 313.
LaTeX Font Info:    Checking defaults for OMS/cmsy/m/n on input line 313.
LaTeX Font Info:    ... okay on input line 313.
LaTeX Font Info:    Checking defaults for OMX/cmex/m/n on input line 313.
LaTeX Font Info:    ... okay on input line 313.
LaTeX Font Info:    Checking defaults for U/cmr/m/n on input line 313.
LaTeX Font Info:    ... okay on input line 313.
LaTeX Font Info:    Checking defaults for TS1/cmr/m/n on input line 313.
LaTeX Font Info:    Try loading font information for TS1+cmr on input line 313.

 (/usr/share/texlive/texmf-dist/tex/latex/base/ts1cmr.fd
File: ts1cmr.fd 2014/09/29 v2.5h Standard LaTeX font definitions
)
LaTeX Font Info:    ... okay on input line 313.
LaTeX Font Info:    Checking defaults for PD1/pdf/m/n on input line 313.
LaTeX Font Info:    ... okay on input line 313.

*geometry* driver: auto-detecting
*geometry* detected driver: pdftex
*geometry* verbose mode - [ preamble ] result:
* driver: pdftex
* paper: <default>
* layout: <same size as paper>
* layoutoffset:(h,v)=(0.0pt,0.0pt)
* modes: 
* h-part:(L,W,R)=(72.26999pt, 469.75502pt, 72.26999pt)
* v-part:(T,H,B)=(72.26999pt, 650.43001pt, 72.26999pt)
* \paperwidth=614.295pt
* \paperheight=794.96999pt
* \textwidth=469.75502pt
* \textheight=650.43001pt
* \oddsidemargin=0.0pt
* \evensidemargin=0.0pt
* \topmargin=-41.0pt
* \headheight=25.0pt
* \headsep=16.0pt
* \topskip=10.0pt
* \footskip=30.0pt
* \marginparwidth=30.0pt
* \marginparsep=6.0pt
* \columnsep=18.0pt
* \skip\footins=39.0pt plus 4.0pt minus 12.0pt
* \hoffset=0.0pt
* \voffset=0.0pt
* \mag=1000
* \@twocolumnfalse
* \@twosidefalse
* \@mparswitchfalse
* \@reversemarginfalse
* (1in=72.27pt=25.4mm, 1cm=28.453pt)

Package ragged2e Info: ABD: executing \RaggedRight on input line 313.
ABD: EverySelectfont initializing macros
LaTeX Info: Redefining \selectfont on input line 313.

(/usr/share/texlive/texmf-dist/tex/context/base/mkii/supp-pdf.mkii
[Loading MPS to PDF converter (version 2006.09.02).]
\scratchcounter=\count334
\scratchdimen=\dimen290
\scratchbox=\box75
\nofMPsegments=\count335
\nofMParguments=\count336
\everyMPshowfont=\toks49
\MPscratchCnt=\count337
\MPscratchDim=\dimen291
\MPnumerator=\count338
\makeMPintoPDFobject=\count339
\everyMPtoPDFconversion=\toks50
) (/usr/share/texlive/texmf-dist/tex/latex/oberdiek/epstopdf-base.sty
Package: epstopdf-base 2016/05/15 v2.6 Base part for package epstopdf

(/usr/share/texlive/texmf-dist/tex/latex/oberdiek/grfext.sty
Package: grfext 2016/05/16 v1.2 Manage graphics extensions (HO)
)
Package epstopdf-base Info: Redefining graphics rule for `.eps' on input line 4
38.
Package grfext Info: Graphics extension search list:
(grfext)             [.pdf,.png,.jpg,.mps,.jpeg,.jbig2,.jb2,.PDF,.PNG,.JPG,.JPE
G,.JBIG2,.JB2,.eps]
(grfext)             \AppendGraphicsExtensions on input line 456.

(/usr/share/texlive/texmf-dist/tex/latex/latexconfig/epstopdf-sys.cfg
File: epstopdf-sys.cfg 2010/07/13 v1.3 Configuration of (r)epstopdf for TeX Liv
e
))
Package caption Info: Begin \AtBeginDocument code.
Package caption Info: hyperref package is loaded.
Package caption Info: listings package is loaded.
Package caption Info: End \AtBeginDocument code.

(/usr/share/texlive/texmf-dist/tex/latex/ucs/ucsencs.def
File: ucsencs.def 2011/01/21 Fixes to fontencodings LGR, T3
)
\AtBeginShipoutBox=\box76
Package hyperref Info: Link coloring ON on input line 313.

(/usr/share/texlive/texmf-dist/tex/latex/hyperref/nameref.sty
Package: nameref 2016/05/21 v2.44 Cross-referencing by name of section

(/usr/share/texlive/texmf-dist/tex/generic/oberdiek/gettitlestring.sty
Package: gettitlestring 2016/05/16 v1.5 Cleanup title references (HO)
)
\c@section@level=\count340
)
LaTeX Info: Redefining \ref on input line 313.
LaTeX Info: Redefining \pageref on input line 313.
LaTeX Info: Redefining \nameref on input line 313.

(./Analysis.out) (./Analysis.out)
\@outlinefile=\write5
\openout5 = `Analysis.out'.

\c@lstlisting=\count341
Class revtex4-1 Info: Taking \maketitle back from hyperref on input line 313.
\openout3 = `AnalysisNotes.bib'.

<EPFL-Logo.pdf, id=112, 142.5325pt x 68.255pt>
File: EPFL-Logo.pdf Graphic file (type pdf)
<use EPFL-Logo.pdf>
Package pdftex.def Info: EPFL-Logo.pdf  used on input line 339.
(pdftex.def)             Requested size: 114.02614pt x 54.60406pt.


Class revtex4-1 Warning: Assuming \noaffiliation for authors.


Package hyperref Warning: Token not allowed in a PDF string (PDFDocEncoding):
(hyperref)                removing `\@xarg' on input line 342.


Package hyperref Warning: Token not allowed in a PDF string (PDFDocEncoding):
(hyperref)                removing `\@yarg' on input line 342.


Package hyperref Warning: Token not allowed in a PDF string (PDFDocEncoding):
(hyperref)                removing `\@linelen' on input line 342.


Package hyperref Warning: Token not allowed in a PDF string (PDFDocEncoding):
(hyperref)                removing `\unitlength' on input line 342.


Package hyperref Warning: Token not allowed in a PDF string (PDFDocEncoding):
(hyperref)                removing `\vrule' on input line 342.


Package hyperref Warning: Token not allowed in a PDF string (PDFDocEncoding):
(hyperref)                removing `\@halfwidth' on input line 342.


Package hyperref Warning: Token not allowed in a PDF string (PDFDocEncoding):
(hyperref)                removing `\@halfwidth' on input line 342.


Package hyperref Warning: Token not allowed in a PDF string (PDFDocEncoding):
(hyperref)                removing `\@linelen' on input line 342.


Package hyperref Warning: Token not allowed in a PDF string (PDFDocEncoding):
(hyperref)                removing `\\' on input line 342.


Package hyperref Warning: Token not allowed in a PDF string (PDFDocEncoding):
(hyperref)                removing `\new@ifnextchar' on input line 342.


Package hyperref Warning: Token not allowed in a PDF string (PDFDocEncoding):
(hyperref)                removing `\bigskipamount' on input line 342.


Package hyperref Warning: Token not allowed in a PDF string (PDFDocEncoding):
(hyperref)                removing `\\' on input line 342.


Package hyperref Warning: Token not allowed in a PDF string (PDFDocEncoding):
(hyperref)                removing `\\' on input line 342.


Package hyperref Warning: Token not allowed in a PDF string (PDFDocEncoding):
(hyperref)                removing `\\' on input line 342.


Package hyperref Warning: Token not allowed in a PDF string (PDFDocEncoding):
(hyperref)                removing `\@xarg' on input line 342.


Package hyperref Warning: Token not allowed in a PDF string (PDFDocEncoding):
(hyperref)                removing `\@yarg' on input line 342.


Package hyperref Warning: Token not allowed in a PDF string (PDFDocEncoding):
(hyperref)                removing `\@linelen' on input line 342.


Package hyperref Warning: Token not allowed in a PDF string (PDFDocEncoding):
(hyperref)                removing `\unitlength' on input line 342.


Package hyperref Warning: Token not allowed in a PDF string (PDFDocEncoding):
(hyperref)                removing `\vrule' on input line 342.


Package hyperref Warning: Token not allowed in a PDF string (PDFDocEncoding):
(hyperref)                removing `\@halfwidth' on input line 342.


Package hyperref Warning: Token not allowed in a PDF string (PDFDocEncoding):
(hyperref)                removing `\@halfwidth' on input line 342.


Package hyperref Warning: Token not allowed in a PDF string (PDFDocEncoding):
(hyperref)                removing `\@linelen' on input line 342.

[0{/var/lib/texmf/fonts/map/pdftex/updmap/pdftex.map} <./EPFL-Logo.pdf>]
LaTeX Font Info:    Try loading font information for T1+cmtt on input line 356.


(/usr/share/texlive/texmf-dist/tex/latex/base/t1cmtt.fd
File: t1cmtt.fd 2014/09/29 v2.5h Standard LaTeX font definitions
)
LaTeX Font Info:    Font shape `T1/cmtt/bx/n' in size <10> not available
(Font)              Font shape `T1/cmtt/m/n' tried instead on input line 405.
 [1] [2]
LaTeX Font Info:    Try loading font information for TS1+cmtt on input line 489
.

(/usr/share/texlive/texmf-dist/tex/latex/base/ts1cmtt.fd
File: ts1cmtt.fd 2014/09/29 v2.5h Standard LaTeX font definitions
) [3]
Overfull \hbox (9.60014pt too wide) in paragraph at lines 564--566
[]\T1/cmr/m/n/10 2 - job : type of job (cat-e-gor-i-cal: `admin.',`blue-collar'
,`entrepreneur',`housemaid',`management',`retired',`self- 
 []


Overfull \hbox (98.77281pt too wide) in paragraph at lines 571--573
[]\T1/cmr/m/n/10 4 - ed-u-ca-tion (cat-e-gor-i-cal: `ba-sic.4y',`basic.6y',`bas
ic.9y',`high.school',`illiterate',`professional.course',`university.degree',`un
known')  
 []

[4] [5]
<Analysis_files/Analysis_14_0.png, id=163, 921.4425pt x 398.48875pt>
File: Analysis_files/Analysis_14_0.png Graphic file (type png)
<use Analysis_files/Analysis_14_0.png>
Package pdftex.def Info: Analysis_files/Analysis_14_0.png  used on input line 7
53.
(pdftex.def)             Requested size: 921.44026pt x 398.48778pt.
 [6]
<Analysis_files/Analysis_14_1.png, id=172, 921.4425pt x 329.23pt>
File: Analysis_files/Analysis_14_1.png Graphic file (type png)
<use Analysis_files/Analysis_14_1.png>
Package pdftex.def Info: Analysis_files/Analysis_14_1.png  used on input line 7
58.
(pdftex.def)             Requested size: 921.44026pt x 329.22919pt.
<Analysis_files/Analysis_14_2.png, id=173, 921.4425pt x 427.5975pt>
File: Analysis_files/Analysis_14_2.png Graphic file (type png)
<use Analysis_files/Analysis_14_2.png>
Package pdftex.def Info: Analysis_files/Analysis_14_2.png  used on input line 7
63.
(pdftex.def)             Requested size: 921.44026pt x 427.59645pt.
<Analysis_files/Analysis_14_3.png, id=174, 921.4425pt x 329.23pt>
File: Analysis_files/Analysis_14_3.png Graphic file (type png)
<use Analysis_files/Analysis_14_3.png>
Package pdftex.def Info: Analysis_files/Analysis_14_3.png  used on input line 7
68.
(pdftex.def)             Requested size: 921.44026pt x 329.22919pt.
 [7 <./Analysis_files/Analysis_14_0.png> <./Analysis_files/Analysis_14_1.png> <
./Analysis_files/Analysis_14_2.png>]
<Analysis_files/Analysis_14_4.png, id=182, 921.4425pt x 329.23pt>
File: Analysis_files/Analysis_14_4.png Graphic file (type png)
<use Analysis_files/Analysis_14_4.png>
Package pdftex.def Info: Analysis_files/Analysis_14_4.png  used on input line 7
73.
(pdftex.def)             Requested size: 921.44026pt x 329.22919pt.
<Analysis_files/Analysis_14_5.png, id=183, 921.4425pt x 329.23pt>
File: Analysis_files/Analysis_14_5.png Graphic file (type png)
<use Analysis_files/Analysis_14_5.png>
Package pdftex.def Info: Analysis_files/Analysis_14_5.png  used on input line 7
78.
(pdftex.def)             Requested size: 921.44026pt x 329.22919pt.
<Analysis_files/Analysis_14_6.png, id=184, 921.4425pt x 329.23pt>
File: Analysis_files/Analysis_14_6.png Graphic file (type png)
<use Analysis_files/Analysis_14_6.png>
Package pdftex.def Info: Analysis_files/Analysis_14_6.png  used on input line 7
83.
(pdftex.def)             Requested size: 921.44026pt x 329.22919pt.
 [8 <./Analysis_files/Analysis_14_3.png> <./Analysis_files/Analysis_14_4.png> <
./Analysis_files/Analysis_14_5.png>]
<Analysis_files/Analysis_14_7.png, id=192, 921.4425pt x 329.23pt>
File: Analysis_files/Analysis_14_7.png Graphic file (type png)
<use Analysis_files/Analysis_14_7.png>
Package pdftex.def Info: Analysis_files/Analysis_14_7.png  used on input line 7
88.
(pdftex.def)             Requested size: 921.44026pt x 329.22919pt.
<Analysis_files/Analysis_14_8.png, id=193, 914.41624pt x 329.23pt>
File: Analysis_files/Analysis_14_8.png Graphic file (type png)
<use Analysis_files/Analysis_14_8.png>
Package pdftex.def Info: Analysis_files/Analysis_14_8.png  used on input line 7
93.
(pdftex.def)             Requested size: 914.41402pt x 329.22919pt.
<Analysis_files/Analysis_14_9.png, id=194, 914.41624pt x 329.23pt>
File: Analysis_files/Analysis_14_9.png Graphic file (type png)
<use Analysis_files/Analysis_14_9.png>
Package pdftex.def Info: Analysis_files/Analysis_14_9.png  used on input line 7
98.
(pdftex.def)             Requested size: 914.41402pt x 329.22919pt.
 [9 <./Analysis_files/Analysis_14_6.png> <./Analysis_files/Analysis_14_7.png> <
./Analysis_files/Analysis_14_8.png>]
<Analysis_files/Analysis_14_10.png, id=202, 921.4425pt x 329.23pt>
File: Analysis_files/Analysis_14_10.png Graphic file (type png)
<use Analysis_files/Analysis_14_10.png>
Package pdftex.def Info: Analysis_files/Analysis_14_10.png  used on input line 
803.
(pdftex.def)             Requested size: 921.44026pt x 329.22919pt.
<Analysis_files/Analysis_16_0.png, id=203, 617.30624pt x 339.2675pt>
File: Analysis_files/Analysis_16_0.png Graphic file (type png)
<use Analysis_files/Analysis_16_0.png>
Package pdftex.def Info: Analysis_files/Analysis_16_0.png  used on input line 8
31.
(pdftex.def)             Requested size: 617.30473pt x 339.26666pt.
 [10 <./Analysis_files/Analysis_14_9.png> <./Analysis_files/Analysis_14_10.png>
]
<Analysis_files/Analysis_16_1.png, id=210, 617.30624pt x 339.2675pt>
File: Analysis_files/Analysis_16_1.png Graphic file (type png)
<use Analysis_files/Analysis_16_1.png>
Package pdftex.def Info: Analysis_files/Analysis_16_1.png  used on input line 8
36.
(pdftex.def)             Requested size: 617.30473pt x 339.26666pt.
<Analysis_files/Analysis_16_2.png, id=211, 624.3325pt x 339.2675pt>
File: Analysis_files/Analysis_16_2.png Graphic file (type png)
<use Analysis_files/Analysis_16_2.png>
Package pdftex.def Info: Analysis_files/Analysis_16_2.png  used on input line 8
41.
(pdftex.def)             Requested size: 624.33098pt x 339.26666pt.
 [11 <./Analysis_files/Analysis_16_0.png> <./Analysis_files/Analysis_16_1.png>]
<Analysis_files/Analysis_16_3.png, id=218, 624.3325pt x 339.2675pt>
File: Analysis_files/Analysis_16_3.png Graphic file (type png)
<use Analysis_files/Analysis_16_3.png>
Package pdftex.def Info: Analysis_files/Analysis_16_3.png  used on input line 8
46.
(pdftex.def)             Requested size: 624.33098pt x 339.26666pt.
<Analysis_files/Analysis_16_4.png, id=219, 624.3325pt x 339.2675pt>
File: Analysis_files/Analysis_16_4.png Graphic file (type png)
<use Analysis_files/Analysis_16_4.png>
Package pdftex.def Info: Analysis_files/Analysis_16_4.png  used on input line 8
51.
(pdftex.def)             Requested size: 624.33098pt x 339.26666pt.
 [12 <./Analysis_files/Analysis_16_2.png> <./Analysis_files/Analysis_16_3.png>]
<Analysis_files/Analysis_16_5.png, id=227, 624.3325pt x 339.2675pt>
File: Analysis_files/Analysis_16_5.png Graphic file (type png)
<use Analysis_files/Analysis_16_5.png>
Package pdftex.def Info: Analysis_files/Analysis_16_5.png  used on input line 8
56.
(pdftex.def)             Requested size: 624.33098pt x 339.26666pt.
<Analysis_files/Analysis_16_6.png, id=228, 624.3325pt x 339.2675pt>
File: Analysis_files/Analysis_16_6.png Graphic file (type png)
<use Analysis_files/Analysis_16_6.png>
Package pdftex.def Info: Analysis_files/Analysis_16_6.png  used on input line 8
61.
(pdftex.def)             Requested size: 624.33098pt x 339.26666pt.
 [13 <./Analysis_files/Analysis_16_4.png> <./Analysis_files/Analysis_16_5.png>]
<Analysis_files/Analysis_16_7.png, id=235, 624.3325pt x 339.2675pt>
File: Analysis_files/Analysis_16_7.png Graphic file (type png)
<use Analysis_files/Analysis_16_7.png>
Package pdftex.def Info: Analysis_files/Analysis_16_7.png  used on input line 8
66.
(pdftex.def)             Requested size: 624.33098pt x 339.26666pt.
<Analysis_files/Analysis_16_8.png, id=236, 624.3325pt x 339.2675pt>
File: Analysis_files/Analysis_16_8.png Graphic file (type png)
<use Analysis_files/Analysis_16_8.png>
Package pdftex.def Info: Analysis_files/Analysis_16_8.png  used on input line 8
71.
(pdftex.def)             Requested size: 624.33098pt x 339.26666pt.
 [14 <./Analysis_files/Analysis_16_6.png> <./Analysis_files/Analysis_16_7.png>]
<Analysis_files/Analysis_16_9.png, id=243, 624.3325pt x 339.2675pt>
File: Analysis_files/Analysis_16_9.png Graphic file (type png)
<use Analysis_files/Analysis_16_9.png>
Package pdftex.def Info: Analysis_files/Analysis_16_9.png  used on input line 8
76.
(pdftex.def)             Requested size: 624.33098pt x 339.26666pt.
<Analysis_files/Analysis_16_10.png, id=244, 624.3325pt x 339.2675pt>
File: Analysis_files/Analysis_16_10.png Graphic file (type png)
<use Analysis_files/Analysis_16_10.png>
Package pdftex.def Info: Analysis_files/Analysis_16_10.png  used on input line 
881.
(pdftex.def)             Requested size: 624.33098pt x 339.26666pt.
 [15 <./Analysis_files/Analysis_16_8.png> <./Analysis_files/Analysis_16_9.png>]
<Analysis_files/Analysis_16_11.png, id=251, 624.3325pt x 339.2675pt>
File: Analysis_files/Analysis_16_11.png Graphic file (type png)
<use Analysis_files/Analysis_16_11.png>
Package pdftex.def Info: Analysis_files/Analysis_16_11.png  used on input line 
886.
(pdftex.def)             Requested size: 624.33098pt x 339.26666pt.
<Analysis_files/Analysis_16_12.png, id=252, 617.30624pt x 339.2675pt>
File: Analysis_files/Analysis_16_12.png Graphic file (type png)
<use Analysis_files/Analysis_16_12.png>
Package pdftex.def Info: Analysis_files/Analysis_16_12.png  used on input line 
891.
(pdftex.def)             Requested size: 617.30473pt x 339.26666pt.
 [16 <./Analysis_files/Analysis_16_10.png> <./Analysis_files/Analysis_16_11.png
>]
<Analysis_files/Analysis_16_13.png, id=259, 617.30624pt x 339.2675pt>
File: Analysis_files/Analysis_16_13.png Graphic file (type png)
<use Analysis_files/Analysis_16_13.png>
Package pdftex.def Info: Analysis_files/Analysis_16_13.png  used on input line 
896.
(pdftex.def)             Requested size: 617.30473pt x 339.26666pt.
<Analysis_files/Analysis_16_14.png, id=260, 624.3325pt x 339.2675pt>
File: Analysis_files/Analysis_16_14.png Graphic file (type png)
<use Analysis_files/Analysis_16_14.png>
Package pdftex.def Info: Analysis_files/Analysis_16_14.png  used on input line 
901.
(pdftex.def)             Requested size: 624.33098pt x 339.26666pt.
 [17 <./Analysis_files/Analysis_16_12.png> <./Analysis_files/Analysis_16_13.png
>]
<Analysis_files/Analysis_16_15.png, id=267, 624.3325pt x 339.2675pt>
File: Analysis_files/Analysis_16_15.png Graphic file (type png)
<use Analysis_files/Analysis_16_15.png>
Package pdftex.def Info: Analysis_files/Analysis_16_15.png  used on input line 
906.
(pdftex.def)             Requested size: 624.33098pt x 339.26666pt.
<Analysis_files/Analysis_16_16.png, id=268, 624.3325pt x 339.2675pt>
File: Analysis_files/Analysis_16_16.png Graphic file (type png)
<use Analysis_files/Analysis_16_16.png>
Package pdftex.def Info: Analysis_files/Analysis_16_16.png  used on input line 
911.
(pdftex.def)             Requested size: 624.33098pt x 339.26666pt.
 [18 <./Analysis_files/Analysis_16_14.png> <./Analysis_files/Analysis_16_15.png
>]
<Analysis_files/Analysis_16_17.png, id=276, 624.3325pt x 339.2675pt>
File: Analysis_files/Analysis_16_17.png Graphic file (type png)
<use Analysis_files/Analysis_16_17.png>
Package pdftex.def Info: Analysis_files/Analysis_16_17.png  used on input line 
916.
(pdftex.def)             Requested size: 624.33098pt x 339.26666pt.
<Analysis_files/Analysis_16_18.png, id=277, 624.3325pt x 339.2675pt>
File: Analysis_files/Analysis_16_18.png Graphic file (type png)
<use Analysis_files/Analysis_16_18.png>
Package pdftex.def Info: Analysis_files/Analysis_16_18.png  used on input line 
921.
(pdftex.def)             Requested size: 624.33098pt x 339.26666pt.
 [19 <./Analysis_files/Analysis_16_16.png> <./Analysis_files/Analysis_16_17.png
>]
<Analysis_files/Analysis_16_19.png, id=284, 624.3325pt x 339.2675pt>
File: Analysis_files/Analysis_16_19.png Graphic file (type png)
<use Analysis_files/Analysis_16_19.png>
Package pdftex.def Info: Analysis_files/Analysis_16_19.png  used on input line 
926.
(pdftex.def)             Requested size: 624.33098pt x 339.26666pt.
<Analysis_files/Analysis_18_0.png, id=285, 1505.625pt x 670.505pt>
File: Analysis_files/Analysis_18_0.png Graphic file (type png)
<use Analysis_files/Analysis_18_0.png>
Package pdftex.def Info: Analysis_files/Analysis_18_0.png  used on input line 9
40.
(pdftex.def)             Requested size: 1505.62134pt x 670.50337pt.
 [20 <./Analysis_files/Analysis_16_18.png> <./Analysis_files/Analysis_16_19.png
>]
<Analysis_files/Analysis_19_0.png, id=293, 1230.5975pt x 751.80875pt>
File: Analysis_files/Analysis_19_0.png Graphic file (type png)
<use Analysis_files/Analysis_19_0.png>
Package pdftex.def Info: Analysis_files/Analysis_19_0.png  used on input line 9
53.
(pdftex.def)             Requested size: 1230.59451pt x 751.8069pt.
<Analysis_files/Analysis_20_0.png, id=294, 1454.43375pt x 715.67375pt>
File: Analysis_files/Analysis_20_0.png Graphic file (type png)
<use Analysis_files/Analysis_20_0.png>
Package pdftex.def Info: Analysis_files/Analysis_20_0.png  used on input line 9
62.
(pdftex.def)             Requested size: 1454.4302pt x 715.672pt.
 [21 <./Analysis_files/Analysis_18_0.png> <./Analysis_files/Analysis_19_0.png>]
<Analysis_files/Analysis_21_0.png, id=301, 1482.53876pt x 665.48625pt>
File: Analysis_files/Analysis_21_0.png Graphic file (type png)
<use Analysis_files/Analysis_21_0.png>
Package pdftex.def Info: Analysis_files/Analysis_21_0.png  used on input line 9
71.
(pdftex.def)             Requested size: 1482.53516pt x 665.48462pt.
 [22 <./Analysis_files/Analysis_20_0.png> <./Analysis_files/Analysis_21_0.png>]
<Analysis_files/Analysis_25_0.png, id=308, 400.49625pt x 336.25626pt>
File: Analysis_files/Analysis_25_0.png Graphic file (type png)
<use Analysis_files/Analysis_25_0.png>
Package pdftex.def Info: Analysis_files/Analysis_25_0.png  used on input line 1
040.
(pdftex.def)             Requested size: 400.49527pt x 336.25543pt.
 [23]
<Analysis_files/Analysis_25_1.png, id=313, 400.49625pt x 306.14375pt>
File: Analysis_files/Analysis_25_1.png Graphic file (type png)
<use Analysis_files/Analysis_25_1.png>
Package pdftex.def Info: Analysis_files/Analysis_25_1.png  used on input line 1
045.
(pdftex.def)             Requested size: 400.49527pt x 306.14299pt.
 [24 <./Analysis_files/Analysis_25_0.png>]
<Analysis_files/Analysis_25_2.png, id=320, 400.49625pt x 366.36874pt>
File: Analysis_files/Analysis_25_2.png Graphic file (type png)
<use Analysis_files/Analysis_25_2.png>
Package pdftex.def Info: Analysis_files/Analysis_25_2.png  used on input line 1
050.
(pdftex.def)             Requested size: 400.49527pt x 366.36784pt.
 [25 <./Analysis_files/Analysis_25_1.png>]
<Analysis_files/Analysis_25_3.png, id=326, 400.49625pt x 277.035pt>
File: Analysis_files/Analysis_25_3.png Graphic file (type png)
<use Analysis_files/Analysis_25_3.png>
Package pdftex.def Info: Analysis_files/Analysis_25_3.png  used on input line 1
055.
(pdftex.def)             Requested size: 400.49527pt x 277.03432pt.
 [26 <./Analysis_files/Analysis_25_2.png>]
<Analysis_files/Analysis_25_4.png, id=332, 400.49625pt x 277.035pt>
File: Analysis_files/Analysis_25_4.png Graphic file (type png)
<use Analysis_files/Analysis_25_4.png>
Package pdftex.def Info: Analysis_files/Analysis_25_4.png  used on input line 1
060.
(pdftex.def)             Requested size: 400.49527pt x 277.03432pt.
<Analysis_files/Analysis_25_5.png, id=333, 400.49625pt x 277.035pt>
File: Analysis_files/Analysis_25_5.png Graphic file (type png)
<use Analysis_files/Analysis_25_5.png>
Package pdftex.def Info: Analysis_files/Analysis_25_5.png  used on input line 1
065.
(pdftex.def)             Requested size: 400.49527pt x 277.03432pt.
 [27 <./Analysis_files/Analysis_25_3.png> <./Analysis_files/Analysis_25_4.png>]
<Analysis_files/Analysis_25_6.png, id=340, 393.47pt x 301.125pt>
File: Analysis_files/Analysis_25_6.png Graphic file (type png)
<use Analysis_files/Analysis_25_6.png>
Package pdftex.def Info: Analysis_files/Analysis_25_6.png  used on input line 1
070.
(pdftex.def)             Requested size: 393.46902pt x 301.12425pt.
 [28 <./Analysis_files/Analysis_25_5.png> <./Analysis_files/Analysis_25_6.png>]
<Analysis_files/Analysis_32_0.png, id=347, 1505.625pt x 670.505pt>
File: Analysis_files/Analysis_32_0.png Graphic file (type png)
<use Analysis_files/Analysis_32_0.png>
Package pdftex.def Info: Analysis_files/Analysis_32_0.png  used on input line 1
122.
(pdftex.def)             Requested size: 1505.62134pt x 670.50337pt.
 [29 <./Analysis_files/Analysis_32_0.png>] [30]
[31]
<Analysis_files/Analysis_40_0.png, id=365, 715.67375pt x 629.35126pt>
File: Analysis_files/Analysis_40_0.png Graphic file (type png)
<use Analysis_files/Analysis_40_0.png>
Package pdftex.def Info: Analysis_files/Analysis_40_0.png  used on input line 1
281.
(pdftex.def)             Requested size: 715.672pt x 629.34972pt.
 [32]pdfTeX warning (ext4): destination with the same identifier (name{feature-
selection}) has been already used, duplicate ignored
<to be read again> 
                   \relax 
l.1286 ...ure Selection}\label{feature-selection}}
                                                   [33 <./Analysis_files/Analys
is_40_0.png>]
<Analysis_files/Analysis_44_0.png, id=375, 390.45876pt x 268.00125pt>
File: Analysis_files/Analysis_44_0.png Graphic file (type png)
<use Analysis_files/Analysis_44_0.png>
Package pdftex.def Info: Analysis_files/Analysis_44_0.png  used on input line 1
358.
(pdftex.def)             Requested size: 390.4578pt x 268.00058pt.
 [34]
Overfull \hbox (7.87834pt too wide) in paragraph at lines 1394--1394
[]\T1/cmtt/m/n/10 [1] Standard Errors assume that the covariance matrix of the 
errors is correctly specified.[] 
 []

[35 <./Analysis_files/Analysis_44_0.png>] [36]
<Analysis_files/Analysis_46_0.png, id=392, 708.6475pt x 629.35126pt>
File: Analysis_files/Analysis_46_0.png Graphic file (type png)
<use Analysis_files/Analysis_46_0.png>
Package pdftex.def Info: Analysis_files/Analysis_46_0.png  used on input line 1
481.
(pdftex.def)             Requested size: 708.64578pt x 629.34972pt.
 [37 <./Analysis_files/Analysis_46_0.png>]
<Analysis_files/Analysis_57_0.png, id=399, 898.35625pt x 891.33pt>
File: Analysis_files/Analysis_57_0.png Graphic file (type png)
<use Analysis_files/Analysis_57_0.png>
Package pdftex.def Info: Analysis_files/Analysis_57_0.png  used on input line 1
557.
(pdftex.def)             Requested size: 898.35405pt x 891.32784pt.
 [38] [39 <./Analysis_files/Analysis_57_0.png>]
<Analysis_files/Analysis_63_0.png, id=411, 624.3325pt x 322.20375pt>
File: Analysis_files/Analysis_63_0.png Graphic file (type png)
<use Analysis_files/Analysis_63_0.png>
Package pdftex.def Info: Analysis_files/Analysis_63_0.png  used on input line 1
603.
(pdftex.def)             Requested size: 624.33098pt x 322.20296pt.
 [40 <./Analysis_files/Analysis_63_0.png>]
<Analysis_files/Analysis_69_1.png, id=417, 372.39125pt x 257.96375pt>
File: Analysis_files/Analysis_69_1.png Graphic file (type png)
<use Analysis_files/Analysis_69_1.png>
Package pdftex.def Info: Analysis_files/Analysis_69_1.png  used on input line 1
687.
(pdftex.def)             Requested size: 372.39034pt x 257.9631pt.
 [41] [42 <./Analysis_files/Analysis_69_1.png>]
Overfull \hbox (7.87834pt too wide) in paragraph at lines 1751--1751
[]\T1/cmtt/m/n/10 [1] Standard Errors assume that the covariance matrix of the 
errors is correctly specified.[] 
 []

<Analysis_files/Analysis_71_0.png, id=429, 398.48875pt x 275.0275pt>
File: Analysis_files/Analysis_71_0.png Graphic file (type png)
<use Analysis_files/Analysis_71_0.png>
Package pdftex.def Info: Analysis_files/Analysis_71_0.png  used on input line 1
783.
(pdftex.def)             Requested size: 398.48778pt x 275.02682pt.
[43]
<Analysis_files/Analysis_71_1.png, id=434, 372.39125pt x 268.00125pt>
File: Analysis_files/Analysis_71_1.png Graphic file (type png)
<use Analysis_files/Analysis_71_1.png>
Package pdftex.def Info: Analysis_files/Analysis_71_1.png  used on input line 1
788.
(pdftex.def)             Requested size: 372.39034pt x 268.00058pt.
 [44 <./Analysis_files/Analysis_71_0.png> <./Analysis_files/Analysis_71_1.png>]
 [45] [46] [47]
<Analysis_files/Analysis_78_1.png, id=455, 380.42125pt x 367.3725pt>
File: Analysis_files/Analysis_78_1.png Graphic file (type png)
<use Analysis_files/Analysis_78_1.png>
Package pdftex.def Info: Analysis_files/Analysis_78_1.png  used on input line 2
011.
(pdftex.def)             Requested size: 380.4203pt x 367.37158pt.
 [48]
<Analysis_files/Analysis_78_2.png, id=461, 738.76pt x 721.69624pt>
File: Analysis_files/Analysis_78_2.png Graphic file (type png)
<use Analysis_files/Analysis_78_2.png>
Package pdftex.def Info: Analysis_files/Analysis_78_2.png  used on input line 2
016.
(pdftex.def)             Requested size: 738.75818pt x 721.69449pt.
 [49 <./Analysis_files/Analysis_78_1.png>] [50 <./Analysis_files/Analysis_78_2.
png>] [51]
<Analysis_files/Analysis_82_1.png, id=476, 398.48875pt x 275.0275pt>
File: Analysis_files/Analysis_82_1.png Graphic file (type png)
<use Analysis_files/Analysis_82_1.png>
Package pdftex.def Info: Analysis_files/Analysis_82_1.png  used on input line 2
126.
(pdftex.def)             Requested size: 398.48778pt x 275.02682pt.
<Analysis_files/Analysis_82_2.png, id=477, 383.4325pt x 268.00125pt>
File: Analysis_files/Analysis_82_2.png Graphic file (type png)
<use Analysis_files/Analysis_82_2.png>
Package pdftex.def Info: Analysis_files/Analysis_82_2.png  used on input line 2
131.
(pdftex.def)             Requested size: 383.43156pt x 268.00058pt.
 [52 <./Analysis_files/Analysis_82_1.png>]
[53 <./Analysis_files/Analysis_82_2.png>] [54]
<Analysis_files/Analysis_87_1.png, id=493, 380.42125pt x 367.3725pt>
File: Analysis_files/Analysis_87_1.png Graphic file (type png)
<use Analysis_files/Analysis_87_1.png>
Package pdftex.def Info: Analysis_files/Analysis_87_1.png  used on input line 2
291.
(pdftex.def)             Requested size: 380.4203pt x 367.37158pt.
 [55]
<Analysis_files/Analysis_87_2.png, id=499, 738.76pt x 721.69624pt>
File: Analysis_files/Analysis_87_2.png Graphic file (type png)
<use Analysis_files/Analysis_87_2.png>
Package pdftex.def Info: Analysis_files/Analysis_87_2.png  used on input line 2
296.
(pdftex.def)             Requested size: 738.75818pt x 721.69449pt.
 [56 <./Analysis_files/Analysis_87_1.png>] [57 <./Analysis_files/Analysis_87_2.
png>]
<Analysis_files/Analysis_95_1.png, id=512, 366.36874pt x 367.3725pt>
File: Analysis_files/Analysis_95_1.png Graphic file (type png)
<use Analysis_files/Analysis_95_1.png>
Package pdftex.def Info: Analysis_files/Analysis_95_1.png  used on input line 2
373.
(pdftex.def)             Requested size: 366.36784pt x 367.37158pt.
 [58]
<Analysis_files/Analysis_95_2.png, id=517, 738.76pt x 721.69624pt>
File: Analysis_files/Analysis_95_2.png Graphic file (type png)
<use Analysis_files/Analysis_95_2.png>
Package pdftex.def Info: Analysis_files/Analysis_95_2.png  used on input line 2
378.
(pdftex.def)             Requested size: 738.75818pt x 721.69449pt.
 [59 <./Analysis_files/Analysis_95_1.png>] [60 <./Analysis_files/Analysis_95_2.
png>]
<Analysis_files/Analysis_98_1.png, id=529, 380.42125pt x 367.3725pt>
File: Analysis_files/Analysis_98_1.png Graphic file (type png)
<use Analysis_files/Analysis_98_1.png>
Package pdftex.def Info: Analysis_files/Analysis_98_1.png  used on input line 2
439.
(pdftex.def)             Requested size: 380.4203pt x 367.37158pt.
 [61]
<Analysis_files/Analysis_98_3.png, id=534, 380.42125pt x 367.3725pt>
File: Analysis_files/Analysis_98_3.png Graphic file (type png)
<use Analysis_files/Analysis_98_3.png>
Package pdftex.def Info: Analysis_files/Analysis_98_3.png  used on input line 2
462.
(pdftex.def)             Requested size: 380.4203pt x 367.37158pt.

[62 <./Analysis_files/Analysis_98_1.png>]
<Analysis_files/Analysis_98_5.png, id=540, 380.42125pt x 367.3725pt>
File: Analysis_files/Analysis_98_5.png Graphic file (type png)
<use Analysis_files/Analysis_98_5.png>
Package pdftex.def Info: Analysis_files/Analysis_98_5.png  used on input line 2
485.
(pdftex.def)             Requested size: 380.4203pt x 367.37158pt.
 [63 <./Analysis_files/Analysis_98_3.png>]
<Analysis_files/Analysis_98_7.png, id=547, 380.42125pt x 367.3725pt>
File: Analysis_files/Analysis_98_7.png Graphic file (type png)
<use Analysis_files/Analysis_98_7.png>
Package pdftex.def Info: Analysis_files/Analysis_98_7.png  used on input line 2
508.
(pdftex.def)             Requested size: 380.4203pt x 367.37158pt.
 [64 <./Analysis_files/Analysis_98_5.png>]
<Analysis_files/Analysis_98_9.png, id=553, 738.76pt x 721.69624pt>
File: Analysis_files/Analysis_98_9.png Graphic file (type png)
<use Analysis_files/Analysis_98_9.png>
Package pdftex.def Info: Analysis_files/Analysis_98_9.png  used on input line 2
518.
(pdftex.def)             Requested size: 738.75818pt x 721.69449pt.
 [65 <./Analysis_files/Analysis_98_7.png>] [66 <./Analysis_files/Analysis_98_9.
png>]
<Analysis_files/Analysis_100_1.png, id=565, 380.42125pt x 367.3725pt>
File: Analysis_files/Analysis_100_1.png Graphic file (type png)
<use Analysis_files/Analysis_100_1.png>
Package pdftex.def Info: Analysis_files/Analysis_100_1.png  used on input line 
2575.
(pdftex.def)             Requested size: 380.4203pt x 367.37158pt.
 [67]
<Analysis_files/Analysis_100_3.png, id=570, 380.42125pt x 367.3725pt>
File: Analysis_files/Analysis_100_3.png Graphic file (type png)
<use Analysis_files/Analysis_100_3.png>
Package pdftex.def Info: Analysis_files/Analysis_100_3.png  used on input line 
2599.
(pdftex.def)             Requested size: 380.4203pt x 367.37158pt.
 [68 <./Analysis_files/Analysis_100_1.png>]
<Analysis_files/Analysis_100_5.png, id=576, 380.42125pt x 367.3725pt>
File: Analysis_files/Analysis_100_5.png Graphic file (type png)
<use Analysis_files/Analysis_100_5.png>
Package pdftex.def Info: Analysis_files/Analysis_100_5.png  used on input line 
2623.
(pdftex.def)             Requested size: 380.4203pt x 367.37158pt.
 [69 <./Analysis_files/Analysis_100_3.png>]
<Analysis_files/Analysis_100_7.png, id=582, 380.42125pt x 367.3725pt>
File: Analysis_files/Analysis_100_7.png Graphic file (type png)
<use Analysis_files/Analysis_100_7.png>
Package pdftex.def Info: Analysis_files/Analysis_100_7.png  used on input line 
2647.
(pdftex.def)             Requested size: 380.4203pt x 367.37158pt.
 [70 <./Analysis_files/Analysis_100_5.png>]
<Analysis_files/Analysis_100_8.png, id=588, 738.76pt x 721.69624pt>
File: Analysis_files/Analysis_100_8.png Graphic file (type png)
<use Analysis_files/Analysis_100_8.png>
Package pdftex.def Info: Analysis_files/Analysis_100_8.png  used on input line 
2652.
(pdftex.def)             Requested size: 738.75818pt x 721.69449pt.
 [71 <./Analysis_files/Analysis_100_7.png>] [72 <./Analysis_files/Analysis_100_
8.png>]
<Analysis_files/Analysis_104_1.png, id=601, 380.42125pt x 367.3725pt>
File: Analysis_files/Analysis_104_1.png Graphic file (type png)
<use Analysis_files/Analysis_104_1.png>
Package pdftex.def Info: Analysis_files/Analysis_104_1.png  used on input line 
2732.
(pdftex.def)             Requested size: 380.4203pt x 367.37158pt.
 [73]
<Analysis_files/Analysis_104_3.png, id=606, 380.42125pt x 367.3725pt>
File: Analysis_files/Analysis_104_3.png Graphic file (type png)
<use Analysis_files/Analysis_104_3.png>
Package pdftex.def Info: Analysis_files/Analysis_104_3.png  used on input line 
2754.
(pdftex.def)             Requested size: 380.4203pt x 367.37158pt.
 [74 <./Analysis_files/Analysis_104_1.png>]
<Analysis_files/Analysis_104_5.png, id=612, 380.42125pt x 367.3725pt>
File: Analysis_files/Analysis_104_5.png Graphic file (type png)
<use Analysis_files/Analysis_104_5.png>
Package pdftex.def Info: Analysis_files/Analysis_104_5.png  used on input line 
2776.
(pdftex.def)             Requested size: 380.4203pt x 367.37158pt.
 [75 <./Analysis_files/Analysis_104_3.png>]
<Analysis_files/Analysis_104_7.png, id=618, 380.42125pt x 367.3725pt>
File: Analysis_files/Analysis_104_7.png Graphic file (type png)
<use Analysis_files/Analysis_104_7.png>
Package pdftex.def Info: Analysis_files/Analysis_104_7.png  used on input line 
2798.
(pdftex.def)             Requested size: 380.4203pt x 367.37158pt.
 [76 <./Analysis_files/Analysis_104_5.png>]
<Analysis_files/Analysis_104_8.png, id=624, 738.76pt x 721.69624pt>
File: Analysis_files/Analysis_104_8.png Graphic file (type png)
<use Analysis_files/Analysis_104_8.png>
Package pdftex.def Info: Analysis_files/Analysis_104_8.png  used on input line 
2803.
(pdftex.def)             Requested size: 738.75818pt x 721.69449pt.
 [77 <./Analysis_files/Analysis_104_7.png>]
<Analysis_files/Analysis_104_10.png, id=630, 380.42125pt x 367.3725pt>
File: Analysis_files/Analysis_104_10.png Graphic file (type png)
<use Analysis_files/Analysis_104_10.png>
Package pdftex.def Info: Analysis_files/Analysis_104_10.png  used on input line
 2825.
(pdftex.def)             Requested size: 380.4203pt x 367.37158pt.
 [78 <./Analysis_files/Analysis_104_8.png>]
<Analysis_files/Analysis_104_12.png, id=637, 380.42125pt x 367.3725pt>
File: Analysis_files/Analysis_104_12.png Graphic file (type png)
<use Analysis_files/Analysis_104_12.png>
Package pdftex.def Info: Analysis_files/Analysis_104_12.png  used on input line
 2847.
(pdftex.def)             Requested size: 380.4203pt x 367.37158pt.
 [79 <./Analysis_files/Analysis_104_10.png>]
<Analysis_files/Analysis_104_14.png, id=643, 380.42125pt x 367.3725pt>
File: Analysis_files/Analysis_104_14.png Graphic file (type png)
<use Analysis_files/Analysis_104_14.png>
Package pdftex.def Info: Analysis_files/Analysis_104_14.png  used on input line
 2869.
(pdftex.def)             Requested size: 380.4203pt x 367.37158pt.
 [80 <./Analysis_files/Analysis_104_12.png>]
<Analysis_files/Analysis_104_16.png, id=649, 380.42125pt x 367.3725pt>
File: Analysis_files/Analysis_104_16.png Graphic file (type png)
<use Analysis_files/Analysis_104_16.png>
Package pdftex.def Info: Analysis_files/Analysis_104_16.png  used on input line
 2891.
(pdftex.def)             Requested size: 380.4203pt x 367.37158pt.
 [81 <./Analysis_files/Analysis_104_14.png>]
<Analysis_files/Analysis_104_17.png, id=655, 738.76pt x 721.69624pt>
File: Analysis_files/Analysis_104_17.png Graphic file (type png)
<use Analysis_files/Analysis_104_17.png>
Package pdftex.def Info: Analysis_files/Analysis_104_17.png  used on input line
 2896.
(pdftex.def)             Requested size: 738.75818pt x 721.69449pt.
 [82 <./Analysis_files/Analysis_104_16.png>]
<Analysis_files/Analysis_104_19.png, id=661, 380.42125pt x 367.3725pt>
File: Analysis_files/Analysis_104_19.png Graphic file (type png)
<use Analysis_files/Analysis_104_19.png>
Package pdftex.def Info: Analysis_files/Analysis_104_19.png  used on input line
 2918.
(pdftex.def)             Requested size: 380.4203pt x 367.37158pt.
 [83 <./Analysis_files/Analysis_104_17.png>]
<Analysis_files/Analysis_104_21.png, id=667, 380.42125pt x 367.3725pt>
File: Analysis_files/Analysis_104_21.png Graphic file (type png)
<use Analysis_files/Analysis_104_21.png>
Package pdftex.def Info: Analysis_files/Analysis_104_21.png  used on input line
 2940.
(pdftex.def)             Requested size: 380.4203pt x 367.37158pt.
[84 <./Analysis_files/Analysis_104_19.png>]
<Analysis_files/Analysis_104_23.png, id=674, 380.42125pt x 367.3725pt>
File: Analysis_files/Analysis_104_23.png Graphic file (type png)
<use Analysis_files/Analysis_104_23.png>
Package pdftex.def Info: Analysis_files/Analysis_104_23.png  used on input line
 2962.
(pdftex.def)             Requested size: 380.4203pt x 367.37158pt.
 [85 <./Analysis_files/Analysis_104_21.png>]
<Analysis_files/Analysis_104_25.png, id=680, 380.42125pt x 367.3725pt>
File: Analysis_files/Analysis_104_25.png Graphic file (type png)
<use Analysis_files/Analysis_104_25.png>
Package pdftex.def Info: Analysis_files/Analysis_104_25.png  used on input line
 2984.
(pdftex.def)             Requested size: 380.4203pt x 367.37158pt.
 [86 <./Analysis_files/Analysis_104_23.png>]
<Analysis_files/Analysis_104_26.png, id=686, 738.76pt x 721.69624pt>
File: Analysis_files/Analysis_104_26.png Graphic file (type png)
<use Analysis_files/Analysis_104_26.png>
Package pdftex.def Info: Analysis_files/Analysis_104_26.png  used on input line
 2989.
(pdftex.def)             Requested size: 738.75818pt x 721.69449pt.
 [87 <./Analysis_files/Analysis_104_25.png>]
<Analysis_files/Analysis_104_28.png, id=692, 380.42125pt x 367.3725pt>
File: Analysis_files/Analysis_104_28.png Graphic file (type png)
<use Analysis_files/Analysis_104_28.png>
Package pdftex.def Info: Analysis_files/Analysis_104_28.png  used on input line
 3011.
(pdftex.def)             Requested size: 380.4203pt x 367.37158pt.
 [88 <./Analysis_files/Analysis_104_26.png>]
<Analysis_files/Analysis_104_30.png, id=698, 380.42125pt x 367.3725pt>
File: Analysis_files/Analysis_104_30.png Graphic file (type png)
<use Analysis_files/Analysis_104_30.png>
Package pdftex.def Info: Analysis_files/Analysis_104_30.png  used on input line
 3033.
(pdftex.def)             Requested size: 380.4203pt x 367.37158pt.
 [89 <./Analysis_files/Analysis_104_28.png>]
<Analysis_files/Analysis_104_32.png, id=704, 380.42125pt x 367.3725pt>
File: Analysis_files/Analysis_104_32.png Graphic file (type png)
<use Analysis_files/Analysis_104_32.png>
Package pdftex.def Info: Analysis_files/Analysis_104_32.png  used on input line
 3055.
(pdftex.def)             Requested size: 380.4203pt x 367.37158pt.
 [90 <./Analysis_files/Analysis_104_30.png>]
<Analysis_files/Analysis_104_34.png, id=711, 380.42125pt x 367.3725pt>
File: Analysis_files/Analysis_104_34.png Graphic file (type png)
<use Analysis_files/Analysis_104_34.png>
Package pdftex.def Info: Analysis_files/Analysis_104_34.png  used on input line
 3077.
(pdftex.def)             Requested size: 380.4203pt x 367.37158pt.
 [91 <./Analysis_files/Analysis_104_32.png>]
<Analysis_files/Analysis_104_35.png, id=717, 738.76pt x 721.69624pt>
File: Analysis_files/Analysis_104_35.png Graphic file (type png)
<use Analysis_files/Analysis_104_35.png>
Package pdftex.def Info: Analysis_files/Analysis_104_35.png  used on input line
 3082.
(pdftex.def)             Requested size: 738.75818pt x 721.69449pt.
 [92 <./Analysis_files/Analysis_104_34.png>] [93 <./Analysis_files/Analysis_104
_35.png>]
<Analysis_files/Analysis_109_0.png, id=729, 729.72626pt x 574.145pt>
File: Analysis_files/Analysis_109_0.png Graphic file (type png)
<use Analysis_files/Analysis_109_0.png>
Package pdftex.def Info: Analysis_files/Analysis_109_0.png  used on input line 
3125.
(pdftex.def)             Requested size: 729.72449pt x 574.1436pt.
 [94 <./Analysis_files/Analysis_109_0.png>]
No file Analysis.bbl.
[95]
Package atveryend Info: Executing hook `AtVeryEndDocument' on input line 3197.
Package atveryend Info: Empty hook `AfterLastShipout' on input line 3197.
 (./Analysis.aux)
Package atveryend Info: Executing hook `AtEndAfterFileList' on input line 3197.

Package rerunfilecheck Info: File `Analysis.out' has not changed.
(rerunfilecheck)             Checksum: 711F224C6A3DA8ADA8CC2B0BC847F4C1;2143.


LaTeX Warning: There were multiply-defined labels.

 ) 
Here is how much of TeX's memory you used:
 27003 strings out of 494586
 463426 string characters out of 6177802
 588177 words of memory out of 5000000
 30142 multiletter control sequences out of 15000+600000
 541802 words of font info for 40 fonts, out of 8000000 for 9000
 14 hyphenation exceptions out of 8191
 61i,12n,63p,1382b,496s stack positions out of 5000i,500n,10000p,200000b,80000s
 </home/zaratras/.texlive2018/texmf-var/fonts/pk/ljfour/jknappen/ec/tcit1000.
600pk> </home/zaratras/.texlive2018/texmf-var/fonts/pk/ljfour/jknappen/ec/ecti0
900.600pk> </home/zaratras/.texlive2018/texmf-var/fonts/pk/ljfour/jknappen/ec/e
cti1000.600pk> </home/zaratras/.texlive2018/texmf-var/fonts/pk/ljfour/jknappen/
ec/ecbi1000.600pk> </home/zaratras/.texlive2018/texmf-var/fonts/pk/ljfour/jknap
pen/ec/tctt1000.600pk> </home/zaratras/.texlive2018/texmf-var/fonts/pk/ljfour/j
knappen/ec/ecit1000.600pk> </home/zaratras/.texlive2018/texmf-var/fonts/pk/ljfo
ur/jknappen/ec/ectt1000.600pk> </home/zaratras/.texlive2018/texmf-var/fonts/pk/
ljfour/jknappen/ec/eccc1440.600pk> </home/zaratras/.texlive2018/texmf-var/fonts
/pk/ljfour/jknappen/ec/ecrm1000.600pk> </home/zaratras/.texlive2018/texmf-var/f
onts/pk/ljfour/jknappen/ec/ecrm1440.600pk> </home/zaratras/.texlive2018/texmf-v
ar/fonts/pk/ljfour/jknappen/ec/ecbx1000.600pk> </home/zaratras/.texlive2018/tex
mf-var/fonts/pk/ljfour/jknappen/ec/ecbx2488.600pk>
Output written on Analysis.pdf (96 pages, 1647936 bytes).
PDF statistics:
 1217 PDF objects out of 1440 (max. 8388607)
 532 compressed objects within 6 object streams
 152 named destinations out of 1000 (max. 500000)
 672 words of extra memory for PDF output out of 10000 (max. 10000000)

